TN:
SF:src/components/common/Button/Button.tsx
FN:14,Button
FN:27,getDesignSystemVariant
FN:37,getDesignSystemSize
FNF:3
FNH:3
FNDA:696,Button
FNDA:696,getDesignSystemVariant
FNDA:696,getDesignSystemSize
DA:1,1
DA:2,1
DA:3,1
DA:4,1
DA:5,1
DA:6,1
DA:7,1
DA:8,1
DA:9,1
DA:10,1
DA:11,1
DA:12,1
DA:13,1
DA:14,1
DA:15,696
DA:16,696
DA:17,696
DA:18,696
DA:19,696
DA:20,696
DA:21,696
DA:22,696
DA:23,696
DA:24,696
DA:25,696
DA:26,696
DA:27,696
DA:28,696
DA:29,696
DA:30,696
DA:31,696
DA:32,696
DA:33,696
DA:34,696
DA:35,696
DA:36,696
DA:37,696
DA:38,696
DA:39,696
DA:40,696
DA:41,696
DA:42,696
DA:43,696
DA:44,696
DA:45,696
DA:46,696
DA:47,696
DA:48,696
DA:49,696
DA:50,696
DA:51,696
DA:52,696
DA:53,696
DA:54,696
DA:55,696
DA:56,696
DA:57,696
DA:58,2
DA:59,2
DA:60,2
DA:61,2
DA:62,2
DA:63,2
DA:64,2
DA:65,2
DA:66,2
DA:67,2
DA:68,2
DA:69,2
DA:70,2
DA:71,2
DA:72,2
DA:73,2
DA:74,2
DA:75,2
DA:76,2
DA:77,2
DA:78,2
DA:79,2
DA:80,694
DA:81,694
DA:82,694
DA:83,694
DA:84,694
DA:85,694
DA:86,696
DA:87,696
DA:88,696
DA:89,696
LF:89
LH:89
BRDA:14,0,0,696
BRDA:54,1,0,614
BRDA:57,2,0,2
BRDA:79,3,0,694
BRDA:27,4,0,696
BRDA:34,5,0,0
BRDA:37,6,0,696
BRDA:43,7,0,0
BRF:8
BRH:6
end_of_record
TN:
SF:src/components/common/ConfirmDialog/ConfirmDialog.tsx
FN:25,ConfirmDialog
FN:55,handleKeyDown
FN:88,handleConfirm
FN:93,handleBackdropClick
FN:101,getVariantClasses
FNF:5
FNH:1
FNDA:3,ConfirmDialog
FNDA:0,handleKeyDown
FNDA:0,handleConfirm
FNDA:0,handleBackdropClick
FNDA:0,getVariantClasses
DA:1,1
DA:2,1
DA:3,1
DA:4,1
DA:5,1
DA:6,1
DA:7,1
DA:8,1
DA:9,1
DA:10,1
DA:11,1
DA:12,1
DA:13,1
DA:14,1
DA:15,1
DA:16,1
DA:17,1
DA:18,1
DA:19,1
DA:20,1
DA:21,1
DA:22,1
DA:23,1
DA:24,1
DA:25,1
DA:26,3
DA:27,3
DA:28,3
DA:29,3
DA:30,3
DA:31,3
DA:32,3
DA:33,3
DA:34,3
DA:35,3
DA:36,3
DA:37,3
DA:38,3
DA:39,3
DA:40,3
DA:41,3
DA:42,3
DA:43,0
DA:44,0
DA:45,0
DA:46,0
DA:47,3
DA:48,3
DA:49,3
DA:50,3
DA:51,3
DA:52,3
DA:53,3
DA:54,0
DA:55,0
DA:56,0
DA:57,0
DA:58,0
DA:59,0
DA:60,0
DA:61,0
DA:62,0
DA:63,0
DA:64,0
DA:65,0
DA:66,0
DA:67,0
DA:68,0
DA:69,0
DA:70,0
DA:71,0
DA:72,0
DA:73,0
DA:74,0
DA:75,0
DA:76,0
DA:77,0
DA:78,0
DA:79,0
DA:80,0
DA:81,0
DA:82,0
DA:83,0
DA:84,0
DA:85,0
DA:86,3
DA:87,3
DA:88,3
DA:89,0
DA:90,0
DA:91,0
DA:92,3
DA:93,3
DA:94,0
DA:95,0
DA:96,0
DA:97,0
DA:98,3
DA:99,3
DA:100,0
DA:101,0
DA:102,0
DA:103,0
DA:104,0
DA:105,0
DA:106,0
DA:107,0
DA:108,0
DA:109,0
DA:110,0
DA:111,0
DA:112,0
DA:113,0
DA:114,0
DA:115,0
DA:116,0
DA:117,0
DA:118,0
DA:119,0
DA:120,0
DA:121,0
DA:122,0
DA:123,0
DA:124,0
DA:125,0
DA:126,0
DA:127,0
DA:128,0
DA:129,0
DA:130,0
DA:131,0
DA:132,0
DA:133,0
DA:134,0
DA:135,0
DA:136,0
DA:137,0
DA:138,0
DA:139,0
DA:140,0
DA:141,0
DA:142,0
DA:143,0
DA:144,0
DA:145,0
DA:146,0
DA:147,0
DA:148,0
DA:149,0
DA:150,0
DA:151,0
DA:152,0
DA:153,0
DA:154,0
DA:155,0
DA:156,0
DA:157,0
DA:158,0
DA:159,0
DA:160,0
DA:161,0
DA:162,0
DA:163,0
DA:164,0
DA:165,0
DA:166,0
DA:167,0
DA:168,0
DA:169,0
DA:170,0
DA:171,0
DA:172,0
DA:173,0
DA:174,0
DA:175,0
DA:176,0
DA:177,0
DA:178,0
DA:179,0
DA:180,0
DA:181,0
DA:182,0
DA:183,0
DA:184,0
DA:185,0
DA:186,0
DA:187,0
DA:188,0
DA:189,0
DA:190,0
DA:191,0
DA:192,0
DA:193,0
DA:194,0
DA:195,0
DA:196,0
DA:197,0
DA:198,0
DA:199,0
DA:200,0
DA:201,0
DA:202,0
DA:203,0
DA:204,0
DA:205,0
DA:206,0
DA:207,0
DA:208,0
DA:209,0
DA:210,0
DA:211,0
DA:212,0
DA:213,0
DA:214,0
DA:215,0
DA:216,0
DA:217,0
DA:218,0
DA:219,0
DA:220,0
DA:221,0
DA:222,0
DA:223,0
DA:224,0
DA:225,0
DA:226,0
DA:227,0
DA:228,0
DA:229,0
DA:230,0
DA:231,0
DA:232,0
DA:233,0
DA:234,0
LF:234
LH:56
BRDA:25,0,0,3
BRDA:99,1,0,0
BRDA:41,2,0,3
BRDA:42,3,0,0
BRDA:52,4,0,3
BRDA:53,5,0,0
BRF:6
BRH:3
end_of_record
TN:
SF:src/components/common/LoadingSpinner/LoadingSpinner.tsx
FN:3,LoadingSpinner
FNF:1
FNH:0
FNDA:0,LoadingSpinner
DA:1,1
DA:2,1
DA:3,1
DA:4,0
DA:5,0
DA:6,0
DA:7,0
DA:8,0
DA:9,0
DA:10,0
DA:11,0
DA:12,0
DA:13,0
DA:14,0
LF:14
LH:3
BRF:0
BRH:0
end_of_record
TN:
SF:src/components/common/Toast/Toast.tsx
FN:17,success
FN:26,error
FN:35,info
FN:44,warning
FN:55,ToastContainer
FNF:5
FNH:1
FNDA:3,success
FNDA:0,error
FNDA:0,info
FNDA:0,warning
FNDA:0,ToastContainer
DA:1,1
DA:2,1
DA:3,1
DA:4,1
DA:5,1
DA:6,1
DA:7,1
DA:8,1
DA:9,1
DA:10,1
DA:11,1
DA:12,1
DA:13,1
DA:14,1
DA:15,1
DA:16,1
DA:17,1
DA:18,3
DA:19,3
DA:20,3
DA:21,3
DA:22,3
DA:23,3
DA:24,3
DA:25,3
DA:26,1
DA:27,0
DA:28,0
DA:29,0
DA:30,0
DA:31,0
DA:32,0
DA:33,0
DA:34,0
DA:35,1
DA:36,0
DA:37,0
DA:38,0
DA:39,0
DA:40,0
DA:41,0
DA:42,0
DA:43,0
DA:44,1
DA:45,0
DA:46,0
DA:47,0
DA:48,0
DA:49,0
DA:50,0
DA:51,0
DA:52,0
DA:53,1
DA:54,1
DA:55,1
DA:56,0
DA:57,0
DA:58,0
DA:59,0
DA:60,0
DA:61,0
DA:62,0
DA:63,0
DA:64,0
DA:65,0
DA:66,0
DA:67,0
DA:68,0
DA:69,0
DA:70,0
DA:71,0
DA:72,0
DA:73,0
DA:74,0
DA:75,0
DA:76,0
DA:77,0
DA:78,0
DA:79,0
DA:80,0
DA:81,0
DA:82,0
DA:83,0
DA:84,0
DA:85,0
DA:86,0
DA:87,0
DA:88,0
DA:89,0
DA:90,0
DA:91,0
DA:92,0
DA:93,0
DA:94,0
DA:95,0
DA:96,0
DA:97,0
DA:98,0
DA:99,0
DA:100,0
DA:101,0
DA:102,0
DA:103,0
DA:104,0
DA:105,0
DA:106,0
DA:107,0
DA:108,0
DA:109,0
DA:110,0
DA:111,0
DA:112,0
DA:113,0
DA:114,0
DA:115,0
DA:116,0
DA:117,0
DA:118,0
DA:119,0
DA:120,0
DA:121,0
LF:121
LH:31
BRDA:17,0,0,3
BRDA:24,1,0,0
BRF:2
BRH:1
end_of_record
TN:
SF:src/components/phrases/PhraseCard/PhraseCard.tsx
FN:87,highlightText
FNF:1
FNH:1
FNDA:3,highlightText
DA:1,1
DA:2,1
DA:3,1
DA:4,1
DA:5,1
DA:6,1
DA:7,1
DA:8,1
DA:9,1
DA:10,1
DA:11,1
DA:12,1
DA:13,1
DA:14,1
DA:15,1
DA:16,1
DA:17,1
DA:18,1
DA:19,1
DA:20,1
DA:21,1
DA:22,1
DA:23,1
DA:24,1
DA:25,1
DA:26,1
DA:27,1
DA:28,1
DA:29,1
DA:30,1
DA:31,1
DA:32,3
DA:33,3
DA:34,3
DA:35,3
DA:36,3
DA:37,3
DA:38,3
DA:39,3
DA:40,3
DA:41,0
DA:42,0
DA:43,3
DA:44,3
DA:45,3
DA:46,0
DA:47,0
DA:48,0
DA:49,0
DA:50,0
DA:51,0
DA:52,0
DA:53,0
DA:54,0
DA:55,3
DA:56,3
DA:57,3
DA:58,0
DA:59,0
DA:60,0
DA:61,0
DA:62,0
DA:63,3
DA:64,3
DA:65,3
DA:66,0
DA:67,0
DA:68,0
DA:69,0
DA:70,3
DA:71,3
DA:72,3
DA:73,3
DA:74,0
DA:75,0
DA:76,0
DA:77,0
DA:78,0
DA:79,0
DA:80,0
DA:81,0
DA:82,0
DA:83,0
DA:84,3
DA:85,3
DA:86,3
DA:87,3
DA:88,3
DA:89,3
DA:90,3
DA:91,3
DA:92,3
DA:93,0
DA:94,0
DA:95,0
DA:96,0
DA:97,0
DA:98,0
DA:99,3
DA:100,3
DA:101,3
DA:102,3
DA:103,3
DA:104,3
DA:105,3
DA:106,3
DA:107,3
DA:108,3
DA:109,3
DA:110,3
DA:111,3
DA:112,3
DA:113,3
DA:114,3
DA:115,3
DA:116,3
DA:117,3
DA:118,3
DA:119,3
DA:120,3
DA:121,3
DA:122,3
DA:123,3
DA:124,3
DA:125,3
DA:126,3
DA:127,3
DA:128,3
DA:129,3
DA:130,3
DA:131,3
DA:132,3
DA:133,3
DA:134,3
DA:135,3
DA:136,3
DA:137,3
DA:138,3
DA:139,3
DA:140,3
DA:141,3
DA:142,3
DA:143,3
DA:144,3
DA:145,3
DA:146,3
DA:147,3
DA:148,3
DA:149,3
DA:150,3
DA:151,3
DA:152,3
DA:153,3
DA:154,3
DA:155,3
DA:156,3
DA:157,3
DA:158,3
DA:159,3
DA:160,3
DA:161,3
DA:162,3
DA:163,3
DA:164,3
DA:165,1
DA:166,1
DA:167,1
LF:167
LH:131
BRDA:31,0,0,3
BRDA:105,1,0,0
BRDA:110,2,0,0
BRDA:122,3,0,0
BRDA:123,4,0,0
BRDA:124,5,0,0
BRDA:156,6,0,0
BRDA:87,7,0,3
BRDA:88,8,0,0
BRDA:91,9,0,3
BRDA:92,10,0,0
BRF:11
BRH:3
end_of_record
TN:
SF:src/components/phrases/PhraseCard/PhraseCardFooter.tsx
FN:17,PhraseCardFooter
FNF:1
FNH:1
FNDA:3,PhraseCardFooter
DA:1,1
DA:2,1
DA:3,1
DA:4,1
DA:5,1
DA:6,1
DA:7,1
DA:8,1
DA:9,1
DA:10,1
DA:11,1
DA:12,1
DA:13,1
DA:14,1
DA:15,1
DA:16,1
DA:17,1
DA:18,3
DA:19,3
DA:20,3
DA:21,3
DA:22,3
DA:23,3
DA:24,3
DA:25,3
DA:26,3
DA:27,3
DA:28,3
DA:29,3
DA:30,3
DA:31,3
DA:32,3
DA:33,3
DA:34,3
DA:35,3
DA:36,3
DA:37,3
DA:38,3
DA:39,3
DA:40,3
DA:41,3
DA:42,3
DA:43,3
DA:44,3
DA:45,3
DA:46,3
DA:47,3
DA:48,3
DA:49,3
DA:50,3
DA:51,3
DA:52,3
DA:53,3
DA:54,3
DA:55,3
DA:56,3
DA:57,3
DA:58,3
DA:59,3
DA:60,3
DA:61,3
DA:62,3
DA:63,3
DA:64,3
DA:65,3
DA:66,3
DA:67,3
DA:68,3
DA:69,3
DA:70,3
DA:71,3
DA:72,3
DA:73,3
DA:74,3
DA:75,3
DA:76,3
DA:77,3
DA:78,3
DA:79,3
DA:80,3
DA:81,3
DA:82,3
DA:83,3
DA:84,3
DA:85,3
DA:86,3
DA:87,3
DA:88,3
DA:89,3
DA:90,3
DA:91,3
DA:92,3
DA:93,3
DA:94,3
DA:95,3
DA:96,3
DA:97,3
DA:98,3
DA:99,3
DA:100,6
DA:101,6
DA:102,6
DA:103,6
DA:104,6
DA:105,6
DA:106,6
DA:107,6
DA:108,6
DA:109,6
DA:110,6
DA:111,3
DA:112,3
DA:113,0
DA:114,0
DA:115,0
DA:116,3
DA:117,3
DA:118,3
DA:119,3
DA:120,3
DA:121,3
DA:122,3
DA:123,3
DA:124,3
DA:125,6
DA:126,6
DA:127,6
DA:128,6
DA:129,6
DA:130,6
DA:131,6
DA:132,3
DA:133,3
DA:134,0
DA:135,0
DA:136,0
DA:137,3
DA:138,3
DA:139,3
DA:140,3
DA:141,3
DA:142,3
DA:143,3
DA:144,3
DA:145,3
DA:146,3
DA:147,3
DA:148,3
DA:149,3
DA:150,3
DA:151,3
DA:152,3
DA:153,3
DA:154,3
DA:155,3
DA:156,0
DA:157,3
DA:158,3
DA:159,3
DA:160,3
DA:161,3
DA:162,3
DA:163,3
DA:164,3
LF:164
LH:157
BRDA:17,0,0,3
BRDA:51,1,0,0
BRDA:58,2,0,0
BRDA:91,3,0,0
BRDA:112,4,0,0
BRDA:133,5,0,0
BRDA:155,6,0,0
BRDA:159,7,0,0
BRDA:29,8,0,3
BRDA:99,9,0,6
BRDA:124,10,0,6
BRF:11
BRH:4
end_of_record
TN:
SF:src/components/phrases/PhraseCard/PhraseCardSelection.tsx
FNF:0
FNH:0
DA:1,1
DA:2,1
DA:3,1
DA:4,1
DA:5,1
DA:6,1
DA:7,1
DA:8,1
DA:9,1
DA:10,1
DA:11,1
DA:12,1
DA:13,1
DA:14,3
DA:15,3
DA:16,3
DA:17,3
DA:18,3
DA:19,0
DA:20,0
DA:21,0
DA:22,0
DA:23,0
DA:24,0
DA:25,0
DA:26,0
DA:27,0
DA:28,0
DA:29,3
DA:30,3
DA:31,3
DA:32,3
DA:33,3
DA:34,3
DA:35,3
DA:36,3
DA:37,3
DA:38,3
DA:39,3
DA:40,3
DA:41,3
DA:42,3
DA:43,3
DA:44,1
DA:45,1
DA:46,1
LF:46
LH:36
BRDA:13,0,0,3
BRDA:18,1,0,0
BRF:2
BRH:1
end_of_record
TN:
SF:src/components/phrases/PhraseForm/PhraseForm.tsx
FN:23,PhraseForm
FN:64,handleSubmit
FNF:2
FNH:2
FNDA:687,PhraseForm
FNDA:3,handleSubmit
DA:1,1
DA:2,1
DA:3,1
DA:4,1
DA:5,1
DA:6,1
DA:7,1
DA:8,1
DA:9,1
DA:10,1
DA:11,1
DA:12,1
DA:13,1
DA:14,1
DA:15,1
DA:16,1
DA:17,1
DA:18,1
DA:19,1
DA:20,1
DA:21,1
DA:22,1
DA:23,1
DA:24,687
DA:25,687
DA:26,687
DA:27,687
DA:28,687
DA:29,687
DA:30,687
DA:31,687
DA:32,687
DA:33,687
DA:34,687
DA:35,687
DA:36,687
DA:37,687
DA:38,687
DA:39,662
DA:40,632
DA:41,632
DA:42,632
DA:43,632
DA:44,632
DA:45,632
DA:46,30
DA:47,30
DA:48,687
DA:49,687
DA:50,687
DA:51,687
DA:52,687
DA:53,687
DA:54,687
DA:55,687
DA:56,687
DA:57,687
DA:58,687
DA:59,687
DA:60,687
DA:61,687
DA:62,687
DA:63,687
DA:64,687
DA:65,3
DA:66,3
DA:67,3
DA:68,3
DA:69,3
DA:70,3
DA:71,3
DA:72,3
DA:73,0
DA:74,0
DA:75,0
DA:76,0
DA:77,3
DA:78,3
DA:79,3
DA:80,3
DA:81,1
DA:82,2
DA:83,3
DA:84,0
DA:85,3
DA:86,3
DA:87,3
DA:88,3
DA:89,3
DA:90,3
DA:91,3
DA:92,3
DA:93,3
DA:94,3
DA:95,3
DA:96,1
DA:97,2
DA:98,3
DA:99,0
DA:100,3
DA:101,3
DA:102,3
DA:103,3
DA:104,3
DA:105,3
DA:106,3
DA:107,3
DA:108,3
DA:109,3
DA:110,2
DA:111,0
DA:112,0
DA:113,0
DA:114,3
DA:115,3
DA:116,3
DA:117,3
DA:118,0
DA:119,0
DA:120,0
DA:121,0
DA:122,0
DA:123,3
DA:124,687
DA:125,687
DA:126,687
DA:127,687
DA:128,687
DA:129,687
DA:130,687
DA:131,687
DA:132,687
DA:133,687
DA:134,687
DA:135,687
DA:136,687
DA:137,687
DA:138,687
DA:139,687
DA:140,687
DA:141,687
DA:142,687
DA:143,687
DA:144,687
DA:145,687
DA:146,10
DA:147,687
DA:148,687
DA:149,687
DA:150,29
DA:151,2
DA:152,2
DA:153,2
DA:154,2
DA:155,2
DA:156,2
DA:157,2
DA:158,2
DA:159,2
DA:160,2
DA:161,2
DA:162,2
DA:163,2
DA:164,2
DA:165,687
DA:166,687
DA:167,687
DA:168,687
DA:169,687
DA:170,687
DA:171,687
DA:172,687
DA:173,13
DA:174,0
DA:175,0
DA:176,0
DA:177,0
DA:178,0
DA:179,0
DA:180,0
DA:181,0
DA:182,0
DA:183,0
DA:184,0
DA:185,0
DA:186,0
DA:187,0
DA:188,687
DA:189,687
DA:190,687
DA:191,687
DA:192,687
DA:193,687
DA:194,687
DA:195,687
DA:196,687
DA:197,687
DA:198,2
DA:199,1
DA:200,1
DA:201,1
DA:202,1
DA:203,1
DA:204,1
DA:205,1
DA:206,1
DA:207,1
DA:208,687
DA:209,687
DA:210,687
DA:211,687
DA:212,687
DA:213,687
DA:214,687
DA:215,687
DA:216,687
DA:217,687
DA:218,687
DA:219,0
DA:220,0
DA:221,0
DA:222,0
DA:223,0
DA:224,0
DA:225,0
DA:226,0
DA:227,0
DA:228,0
DA:229,687
DA:230,687
DA:231,687
DA:232,687
DA:233,687
DA:234,687
DA:235,687
DA:236,0
DA:237,0
DA:238,0
DA:239,0
DA:240,0
DA:241,0
DA:242,0
DA:243,0
DA:244,0
DA:245,0
DA:246,0
DA:247,0
DA:248,0
DA:249,0
DA:250,0
DA:251,0
DA:252,0
DA:253,0
DA:254,0
DA:255,687
DA:256,687
DA:257,687
DA:258,687
DA:259,687
DA:260,687
DA:261,687
DA:262,687
DA:263,687
DA:264,687
DA:265,687
DA:266,687
DA:267,687
DA:268,687
DA:269,687
DA:270,687
DA:271,687
DA:272,687
DA:273,687
DA:274,687
DA:275,687
DA:276,604
DA:277,604
DA:278,604
DA:279,604
DA:280,604
DA:281,604
DA:282,687
DA:283,687
DA:284,687
DA:285,687
DA:286,687
DA:287,687
LF:287
LH:230
BRDA:23,0,0,687
BRDA:145,1,0,10
BRDA:149,2,0,685
BRDA:149,3,0,29
BRDA:150,4,0,2
BRDA:172,5,0,685
BRDA:172,6,0,13
BRDA:173,7,0,0
BRDA:197,8,0,685
BRDA:197,9,0,2
BRDA:198,10,0,1
BRDA:218,11,0,685
BRDA:218,12,0,0
BRDA:219,13,0,0
BRDA:235,14,0,0
BRDA:236,15,0,0
BRDA:237,16,0,0
BRDA:263,17,0,604
BRDA:272,18,0,0
BRDA:272,19,0,685
BRDA:275,20,0,604
BRDA:275,21,0,604
BRDA:38,22,0,662
BRDA:39,23,0,632
BRDA:45,24,0,30
BRDA:52,25,0,627
BRDA:56,26,0,38
BRDA:60,27,0,26
BRDA:64,28,0,3
BRDA:72,29,0,0
BRDA:80,30,0,1
BRDA:81,31,0,2
BRDA:83,32,0,0
BRDA:95,33,0,1
BRDA:96,34,0,2
BRDA:98,35,0,0
BRDA:117,36,0,0
BRDA:92,37,0,4
BRDA:109,38,0,2
BRDA:110,39,0,0
BRDA:150,40,0,3
BRDA:161,41,0,2
BRDA:173,42,0,1
BRDA:198,43,0,2
BRDA:203,44,0,2
BRF:45
BRH:33
end_of_record
TN:
SF:src/components/phrases/PhraseForm/PhraseFormAuthor.tsx
FN:8,PhraseFormAuthor
FNF:1
FNH:1
FNDA:685,PhraseFormAuthor
DA:1,1
DA:2,1
DA:3,1
DA:4,1
DA:5,1
DA:6,1
DA:7,1
DA:8,1
DA:9,685
DA:10,685
DA:11,685
DA:12,685
DA:13,685
DA:14,685
DA:15,685
DA:16,685
DA:17,685
DA:18,685
DA:19,685
DA:20,685
DA:21,685
DA:22,685
DA:23,685
DA:24,685
DA:25,685
DA:26,685
DA:27,685
DA:28,685
DA:29,685
DA:30,685
DA:31,685
DA:32,685
DA:33,685
DA:34,685
DA:35,685
DA:36,685
DA:37,685
DA:38,0
DA:39,685
DA:40,685
DA:41,685
DA:42,685
DA:43,0
DA:44,0
DA:45,0
DA:46,0
DA:47,0
DA:48,0
DA:49,0
DA:50,0
DA:51,685
DA:52,685
DA:53,685
DA:54,685
LF:54
LH:45
BRDA:8,0,0,685
BRDA:27,1,0,0
BRDA:27,2,0,0
BRDA:29,3,0,0
BRDA:37,4,0,0
BRDA:37,5,0,0
BRDA:42,6,0,0
BRDA:42,7,0,0
BRF:8
BRH:1
end_of_record
TN:
SF:src/components/phrases/PhraseForm/PhraseFormCategory.tsx
FN:8,PhraseFormCategory
FNF:1
FNH:1
FNDA:685,PhraseFormCategory
DA:1,1
DA:2,1
DA:3,1
DA:4,1
DA:5,1
DA:6,1
DA:7,1
DA:8,1
DA:9,685
DA:10,685
DA:11,685
DA:12,685
DA:13,685
DA:14,685
DA:15,685
DA:16,685
DA:17,685
DA:18,685
DA:19,685
DA:20,685
DA:21,685
DA:22,685
DA:23,685
DA:24,685
DA:25,685
DA:26,685
DA:27,685
DA:28,685
DA:29,685
DA:30,685
DA:31,685
DA:32,685
DA:33,685
DA:34,685
DA:35,685
DA:36,685
DA:37,685
DA:38,685
DA:39,685
DA:40,685
DA:41,685
DA:42,685
DA:43,4795
DA:44,4795
DA:45,4795
DA:46,685
DA:47,685
DA:48,685
DA:49,685
DA:50,685
LF:50
LH:50
BRDA:8,0,0,685
BRDA:42,1,0,4795
BRF:2
BRH:2
end_of_record
TN:
SF:src/components/phrases/PhraseForm/PhraseFormTags.tsx
FN:8,PhraseFormTags
FNF:1
FNH:1
FNDA:685,PhraseFormTags
DA:1,1
DA:2,1
DA:3,1
DA:4,1
DA:5,1
DA:6,1
DA:7,1
DA:8,1
DA:9,685
DA:10,685
DA:11,685
DA:12,685
DA:13,685
DA:14,685
DA:15,685
DA:16,685
DA:17,685
DA:18,685
DA:19,685
DA:20,685
DA:21,685
DA:22,685
DA:23,685
DA:24,685
DA:25,685
DA:26,685
DA:27,685
DA:28,685
DA:29,685
DA:30,685
DA:31,685
DA:32,685
DA:33,685
DA:34,0
DA:35,685
DA:36,685
DA:37,685
DA:38,685
DA:39,0
DA:40,685
DA:41,685
DA:42,685
DA:43,685
LF:43
LH:41
BRDA:8,0,0,685
BRDA:33,1,0,0
BRDA:33,2,0,0
BRDA:38,3,0,0
BRDA:38,4,0,0
BRF:5
BRH:1
end_of_record
TN:
SF:src/components/phrases/PhraseForm/PhraseFormText.tsx
FNF:0
FNH:0
DA:1,1
DA:2,1
DA:3,1
DA:4,1
DA:5,1
DA:6,1
DA:7,1
DA:8,1
DA:9,1
DA:10,1
DA:11,1
DA:12,695
DA:13,695
DA:14,695
DA:15,695
DA:16,695
DA:17,695
DA:18,695
DA:19,695
DA:20,695
DA:21,695
DA:22,695
DA:23,695
DA:24,695
DA:25,695
DA:26,695
DA:27,695
DA:28,695
DA:29,695
DA:30,695
DA:31,695
DA:32,2
DA:33,693
DA:34,695
DA:35,695
DA:36,695
DA:37,695
DA:38,695
DA:39,695
DA:40,695
DA:41,695
DA:42,695
DA:43,695
DA:44,695
DA:45,695
DA:46,2
DA:47,693
DA:48,695
DA:49,695
DA:50,695
DA:51,695
DA:52,2
DA:53,2
DA:54,2
DA:55,2
DA:56,2
DA:57,2
DA:58,2
DA:59,2
DA:60,695
DA:61,695
DA:62,695
DA:63,695
DA:64,695
DA:65,695
DA:66,695
DA:67,695
DA:68,695
DA:69,695
DA:70,695
DA:71,695
DA:72,695
DA:73,695
DA:74,695
DA:75,1
DA:76,1
DA:77,1
LF:77
LH:77
BRDA:11,0,0,695
BRDA:31,1,0,3
BRDA:31,2,0,2
BRDA:32,3,0,693
BRDA:36,4,0,3
BRDA:45,5,0,3
BRDA:45,6,0,2
BRDA:46,7,0,693
BRDA:51,8,0,3
BRDA:51,9,0,2
BRF:10
BRH:10
end_of_record
TN:
SF:src/components/phrases/PhraseSearchBar/PhraseSearchBar.tsx
FN:8,PhraseSearchBar
FN:29,handleKeyPress
FN:40,handleInputChange
FN:46,handleClear
FN:52,handleSuggestionClick
FN:67,onChange
FN:68,onFocus
FN:71,onBlur
FNF:8
FNH:5
FNDA:149,PhraseSearchBar
FNDA:79,handleKeyPress
FNDA:55,handleInputChange
FNDA:0,handleClear
FNDA:0,handleSuggestionClick
FNDA:55,onChange
FNDA:11,onFocus
FNDA:0,onBlur
DA:1,1
DA:2,1
DA:3,1
DA:4,1
DA:5,1
DA:6,1
DA:7,1
DA:8,1
DA:9,149
DA:10,149
DA:11,149
DA:12,149
DA:13,149
DA:14,149
DA:15,149
DA:16,149
DA:17,149
DA:18,149
DA:19,149
DA:20,149
DA:21,149
DA:22,149
DA:23,149
DA:24,149
DA:25,52
DA:26,149
DA:27,149
DA:28,149
DA:29,18
DA:30,79
DA:31,2
DA:32,2
DA:33,2
DA:34,79
DA:35,18
DA:36,18
DA:37,18
DA:38,149
DA:39,149
DA:40,149
DA:41,55
DA:42,55
DA:43,55
DA:44,55
DA:45,149
DA:46,149
DA:47,0
DA:48,0
DA:49,0
DA:50,0
DA:51,149
DA:52,149
DA:53,0
DA:54,0
DA:55,0
DA:56,0
DA:57,0
DA:58,149
DA:59,149
DA:60,149
DA:61,149
DA:62,149
DA:63,149
DA:64,149
DA:65,149
DA:66,149
DA:67,149
DA:68,149
DA:69,11
DA:70,149
DA:71,149
DA:72,149
DA:73,149
DA:74,149
DA:75,149
DA:76,149
DA:77,149
DA:78,149
DA:79,149
DA:80,149
DA:81,149
DA:82,149
DA:83,149
DA:84,149
DA:85,149
DA:86,149
DA:87,149
DA:88,149
DA:89,149
DA:90,149
DA:91,149
DA:92,149
DA:93,149
DA:94,149
DA:95,149
DA:96,149
DA:97,149
DA:98,99
DA:99,99
DA:100,99
DA:101,99
DA:102,149
DA:103,149
DA:104,149
DA:105,126
DA:106,126
DA:107,126
DA:108,126
DA:109,126
DA:110,126
DA:111,126
DA:112,126
DA:113,149
DA:114,149
DA:115,149
DA:116,105
DA:117,0
DA:118,0
DA:119,0
DA:120,0
DA:121,0
DA:122,0
DA:123,0
DA:124,0
DA:125,0
DA:126,0
DA:127,0
DA:128,0
DA:129,0
DA:130,0
DA:131,0
DA:132,0
DA:133,0
DA:134,0
DA:135,0
DA:136,0
DA:137,0
DA:138,0
DA:139,0
DA:140,0
DA:141,0
DA:142,0
DA:143,0
DA:144,0
DA:145,0
DA:146,0
DA:147,0
DA:148,0
DA:149,0
DA:150,0
DA:151,0
DA:152,149
DA:153,149
DA:154,149
DA:155,149
LF:155
LH:111
BRDA:8,0,0,149
BRDA:94,1,0,99
BRDA:94,2,0,48
BRDA:97,3,0,99
BRDA:104,4,0,126
BRDA:115,5,0,105
BRDA:116,6,0,0
BRDA:24,7,0,52
BRDA:28,8,0,18
BRDA:29,9,0,79
BRDA:30,10,0,78
BRDA:30,11,0,2
BRDA:30,12,0,2
BRDA:37,13,0,18
BRDA:40,14,0,55
BRDA:67,15,0,55
BRDA:68,16,0,11
BRF:17
BRH:16
end_of_record
TN:
SF:src/hooks/index.ts
FNF:0
FNH:0
DA:1,1
DA:2,1
DA:3,1
DA:4,1
DA:5,1
DA:6,1
DA:7,1
DA:8,1
DA:9,1
DA:10,1
DA:11,1
DA:12,1
DA:13,1
DA:14,1
DA:15,1
DA:16,1
LF:16
LH:16
BRF:0
BRH:0
end_of_record
TN:
SF:src/hooks/useDebounce.ts
FN:3,useDebounce
FNF:1
FNH:1
FNDA:120,useDebounce
DA:1,1
DA:2,1
DA:3,1
DA:4,120
DA:5,120
DA:6,120
DA:7,120
DA:8,120
DA:9,120
DA:10,120
DA:11,120
DA:12,48
DA:13,0
DA:14,0
DA:15,0
DA:16,48
DA:17,48
DA:18,3
DA:19,48
DA:20,48
DA:21,48
DA:22,48
DA:23,48
DA:24,48
DA:25,48
DA:26,120
DA:27,120
DA:28,120
DA:29,120
LF:29
LH:26
BRDA:3,0,0,120
BRDA:11,1,0,48
BRDA:12,2,0,0
BRDA:12,3,0,0
BRDA:17,4,0,3
BRDA:21,5,0,48
BRF:6
BRH:4
end_of_record
TN:
SF:src/hooks/useFocusManagement.ts
FN:3,useFocusManagement
FNF:1
FNH:1
FNDA:3,useFocusManagement
DA:1,1
DA:2,1
DA:3,1
DA:4,3
DA:5,3
DA:6,3
DA:7,0
DA:8,3
DA:9,3
DA:10,3
DA:11,3
DA:12,3
DA:13,0
DA:14,3
DA:15,0
DA:16,0
DA:17,3
DA:18,3
DA:19,3
DA:20,0
DA:21,0
DA:22,0
DA:23,0
DA:24,3
DA:25,3
DA:26,3
DA:27,3
DA:28,3
DA:29,3
DA:30,3
DA:31,3
LF:31
LH:23
BRDA:3,0,0,3
BRDA:10,1,0,3
BRDA:12,2,0,0
BRDA:14,3,0,0
BRF:4
BRH:2
end_of_record
TN:
SF:src/hooks/useForm.ts
FN:10,useForm
FNF:1
FNH:1
FNDA:691,useForm
DA:1,1
DA:2,1
DA:3,1
DA:4,1
DA:5,1
DA:6,1
DA:7,1
DA:8,1
DA:9,1
DA:10,1
DA:11,691
DA:12,691
DA:13,691
DA:14,691
DA:15,691
DA:16,691
DA:17,691
DA:18,691
DA:19,691
DA:20,691
DA:21,22
DA:22,2
DA:23,2
DA:24,20
DA:25,22
DA:26,691
DA:27,691
DA:28,691
DA:29,691
DA:30,691
DA:31,2725
DA:32,624
DA:33,624
DA:34,624
DA:35,624
DA:36,624
DA:37,624
DA:38,624
DA:39,624
DA:40,0
DA:41,0
DA:42,0
DA:43,624
DA:44,691
DA:45,691
DA:46,691
DA:47,691
DA:48,691
DA:49,9
DA:50,9
DA:51,9
DA:52,9
DA:53,691
DA:54,691
DA:55,691
DA:56,691
DA:57,4
DA:58,4
DA:59,4
DA:60,4
DA:61,13
DA:62,13
DA:63,1
DA:64,1
DA:65,1
DA:66,4
DA:67,4
DA:68,4
DA:69,4
DA:70,691
DA:71,691
DA:72,691
DA:73,691
DA:74,682
DA:75,4
DA:76,4
DA:77,4
DA:78,4
DA:79,13
DA:80,4
DA:81,4
DA:82,4
DA:83,4
DA:84,3
DA:85,3
DA:86,3
DA:87,3
DA:88,3
DA:89,3
DA:90,3
DA:91,0
DA:92,3
DA:93,3
DA:94,3
DA:95,3
DA:96,4
DA:97,691
DA:98,691
DA:99,691
DA:100,691
DA:101,4
DA:102,4
DA:103,4
DA:104,4
DA:105,691
DA:106,691
DA:107,691
DA:108,1
DA:109,691
DA:110,691
DA:111,691
DA:112,1
DA:113,691
DA:114,691
DA:115,691
DA:116,691
DA:117,691
DA:118,691
DA:119,691
DA:120,691
DA:121,691
DA:122,691
DA:123,691
DA:124,691
DA:125,691
DA:126,691
DA:127,691
DA:128,691
DA:129,691
DA:130,691
LF:130
LH:126
BRDA:10,0,0,691
BRDA:20,1,0,22
BRDA:21,2,0,2
BRDA:23,3,0,20
BRDA:30,4,0,2725
BRDA:31,5,0,624
BRDA:39,6,0,0
BRDA:37,7,0,624
BRDA:48,8,0,2044
BRDA:48,9,0,9
BRDA:49,10,0,9
BRDA:51,11,0,9
BRDA:56,12,0,4
BRDA:60,13,0,13
BRDA:62,14,0,1
BRDA:73,15,0,682
BRDA:74,16,0,4
BRDA:83,17,0,3
BRDA:90,18,0,0
BRDA:78,19,0,13
BRDA:100,20,0,4
BRDA:107,21,0,1
BRDA:108,22,0,1
BRDA:111,23,0,1
BRDA:112,24,0,1
BRDA:115,25,0,47
BRF:26
BRH:24
end_of_record
TN:
SF:src/hooks/useIsMobile.ts
FN:3,useIsMobile
FNF:1
FNH:0
FNDA:0,useIsMobile
DA:1,1
DA:2,1
DA:3,1
DA:4,0
DA:5,0
DA:6,0
DA:7,0
DA:8,0
DA:9,0
DA:10,0
DA:11,0
DA:12,0
DA:13,0
DA:14,0
DA:15,0
DA:16,0
DA:17,0
DA:18,0
DA:19,0
DA:20,0
DA:21,0
DA:22,0
LF:22
LH:3
BRF:0
BRH:0
end_of_record
TN:
SF:src/hooks/useLocalStorage.ts
FN:3,useLocalStorage
FNF:1
FNH:0
FNDA:0,useLocalStorage
DA:1,1
DA:2,1
DA:3,1
DA:4,0
DA:5,0
DA:6,0
DA:7,0
DA:8,0
DA:9,0
DA:10,0
DA:11,0
DA:12,0
DA:13,0
DA:14,0
DA:15,0
DA:16,0
DA:17,0
DA:18,0
DA:19,0
DA:20,0
DA:21,0
DA:22,0
DA:23,0
DA:24,0
DA:25,0
DA:26,0
DA:27,0
DA:28,0
DA:29,0
DA:30,0
DA:31,0
DA:32,0
DA:33,0
LF:33
LH:3
BRF:0
BRH:0
end_of_record
TN:
SF:src/hooks/useOptimizedSearch.ts
FN:29,useOptimizedSearch
FN:104,useOptimizedSearchForLargeDatasets
FNF:2
FNH:1
FNDA:111,useOptimizedSearch
FNDA:0,useOptimizedSearchForLargeDatasets
DA:1,1
DA:2,1
DA:3,1
DA:4,1
DA:5,1
DA:6,1
DA:7,1
DA:8,1
DA:9,1
DA:10,1
DA:11,1
DA:12,1
DA:13,1
DA:14,1
DA:15,1
DA:16,1
DA:17,1
DA:18,1
DA:19,1
DA:20,1
DA:21,1
DA:22,1
DA:23,1
DA:24,1
DA:25,1
DA:26,1
DA:27,1
DA:28,1
DA:29,1
DA:30,111
DA:31,111
DA:32,111
DA:33,111
DA:34,111
DA:35,111
DA:36,111
DA:37,111
DA:38,111
DA:39,111
DA:40,111
DA:41,111
DA:42,111
DA:43,0
DA:44,111
DA:45,111
DA:46,111
DA:47,111
DA:48,111
DA:49,111
DA:50,111
DA:51,111
DA:52,111
DA:53,111
DA:54,8
DA:55,8
DA:56,8
DA:57,8
DA:58,8
DA:59,8
DA:60,0
DA:61,0
DA:62,0
DA:63,0
DA:64,0
DA:65,0
DA:66,0
DA:67,0
DA:68,0
DA:69,0
DA:70,0
DA:71,0
DA:72,0
DA:73,0
DA:74,0
DA:75,111
DA:76,111
DA:77,111
DA:78,111
DA:79,111
DA:80,8
DA:81,8
DA:82,8
DA:83,8
DA:84,8
DA:85,8
DA:86,8
DA:87,111
DA:88,111
DA:89,111
DA:90,111
DA:91,111
DA:92,0
DA:93,111
DA:94,111
DA:95,111
DA:96,111
DA:97,111
DA:98,111
DA:99,111
DA:100,111
DA:101,111
DA:102,1
DA:103,1
DA:104,1
DA:105,0
DA:106,0
DA:107,0
DA:108,0
DA:109,0
DA:110,0
DA:111,0
DA:112,0
DA:113,0
LF:113
LH:87
BRDA:29,0,0,111
BRDA:42,1,0,0
BRDA:48,2,0,8
BRDA:48,3,0,0
BRDA:53,4,0,8
BRDA:57,5,0,0
BRDA:59,6,0,0
BRDA:79,7,0,8
BRDA:84,8,0,0
BRF:9
BRH:4
end_of_record
TN:
SF:src/hooks/usePhrases.ts
FN:51,usePhrases
FN:211,usePhraseBulkOperations
FNF:2
FNH:2
FNDA:702,usePhrases
FNDA:4,usePhraseBulkOperations
DA:1,1
DA:2,1
DA:3,1
DA:4,1
DA:5,1
DA:6,1
DA:7,1
DA:8,1
DA:9,1
DA:10,1
DA:11,1
DA:12,1
DA:13,1
DA:14,1
DA:15,1
DA:16,1
DA:17,1
DA:18,1
DA:19,1
DA:20,1
DA:21,1
DA:22,1
DA:23,1
DA:24,1
DA:25,1
DA:26,1
DA:27,1
DA:28,1
DA:29,1
DA:30,1
DA:31,1
DA:32,1
DA:33,1
DA:34,1
DA:35,1
DA:36,1
DA:37,1
DA:38,1
DA:39,1
DA:40,1
DA:41,1
DA:42,1
DA:43,1
DA:44,1
DA:45,1
DA:46,1
DA:47,1
DA:48,1
DA:49,1
DA:50,1
DA:51,1
DA:52,702
DA:53,702
DA:54,702
DA:55,702
DA:56,702
DA:57,702
DA:58,702
DA:59,702
DA:60,702
DA:61,702
DA:62,5
DA:63,5
DA:64,5
DA:65,5
DA:66,5
DA:67,5
DA:68,5
DA:69,5
DA:70,702
DA:71,702
DA:72,702
DA:73,702
DA:74,702
DA:75,2
DA:76,2
DA:77,2
DA:78,2
DA:79,2
DA:80,2
DA:81,2
DA:82,702
DA:83,702
DA:84,702
DA:85,702
DA:86,702
DA:87,1
DA:88,1
DA:89,702
DA:90,702
DA:91,702
DA:92,702
DA:93,702
DA:94,2
DA:95,2
DA:96,702
DA:97,702
DA:98,702
DA:99,702
DA:100,702
DA:101,1
DA:102,1
DA:103,2
DA:104,2
DA:105,2
DA:106,2
DA:107,1
DA:108,1
DA:109,1
DA:110,702
DA:111,702
DA:112,702
DA:113,702
DA:114,702
DA:115,1
DA:116,702
DA:117,702
DA:118,702
DA:119,702
DA:120,1
DA:121,1
DA:122,702
DA:123,702
DA:124,702
DA:125,702
DA:126,2
DA:127,702
DA:128,702
DA:129,702
DA:130,1
DA:131,1
DA:132,1
DA:133,3
DA:134,3
DA:135,3
DA:136,1
DA:137,702
DA:138,702
DA:139,702
DA:140,702
DA:141,702
DA:142,4
DA:143,4
DA:144,702
DA:145,702
DA:146,702
DA:147,702
DA:148,702
DA:149,1
DA:150,1
DA:151,1
DA:152,1
DA:153,1
DA:154,1
DA:155,1
DA:156,1
DA:157,1
DA:158,702
DA:159,702
DA:160,702
DA:161,702
DA:162,702
DA:163,1
DA:164,1
DA:165,1
DA:166,1
DA:167,1
DA:168,1
DA:169,1
DA:170,702
DA:171,702
DA:172,702
DA:173,702
DA:174,702
DA:175,702
DA:176,702
DA:177,702
DA:178,702
DA:179,702
DA:180,702
DA:181,702
DA:182,702
DA:183,702
DA:184,702
DA:185,702
DA:186,702
DA:187,702
DA:188,702
DA:189,702
DA:190,702
DA:191,702
DA:192,702
DA:193,702
DA:194,702
DA:195,702
DA:196,702
DA:197,702
DA:198,702
DA:199,702
DA:200,702
DA:201,702
DA:202,702
DA:203,702
DA:204,702
DA:205,702
DA:206,1
DA:207,1
DA:208,1
DA:209,1
DA:210,1
DA:211,1
DA:212,4
DA:213,4
DA:214,4
DA:215,2
DA:216,1
DA:217,1
DA:218,1
DA:219,4
DA:220,4
DA:221,4
DA:222,2
DA:223,2
DA:224,4
DA:225,4
DA:226,4
DA:227,4
DA:228,4
DA:229,4
DA:230,4
DA:231,4
DA:232,4
LF:232
LH:232
BRDA:51,0,0,702
BRDA:55,1,0,65
BRDA:57,2,0,65
BRDA:61,3,0,5
BRDA:74,4,0,2
BRDA:86,5,0,1
BRDA:93,6,0,2
BRDA:100,7,0,1
BRDA:102,8,0,2
BRDA:104,9,0,1
BRDA:106,10,0,1
BRDA:114,11,0,1
BRDA:119,12,0,1
BRDA:125,13,0,2
BRDA:129,14,0,1
BRDA:131,15,0,3
BRDA:132,16,0,3
BRDA:141,17,0,4
BRDA:142,18,0,5
BRDA:148,19,0,1
BRDA:162,20,0,1
BRDA:166,21,0,0
BRDA:211,22,0,4
BRDA:214,23,0,2
BRDA:215,24,0,1
BRDA:221,25,0,2
BRF:26
BRH:25
end_of_record
TN:
SF:src/hooks/useSearch.ts
FN:89,useSearch
FN:266,useAdvancedSearch
FN:373,useSearchForLargeDatasets
FNF:3
FNH:3
FNDA:148,useSearch
FNDA:16,useAdvancedSearch
FNDA:3,useSearchForLargeDatasets
DA:1,1
DA:2,1
DA:3,1
DA:4,1
DA:5,1
DA:6,1
DA:7,1
DA:8,1
DA:9,1
DA:10,1
DA:11,1
DA:12,1
DA:13,1
DA:14,1
DA:15,1
DA:16,1
DA:17,1
DA:18,1
DA:19,1
DA:20,1
DA:21,1
DA:22,1
DA:23,1
DA:24,1
DA:25,1
DA:26,1
DA:27,1
DA:28,1
DA:29,1
DA:30,1
DA:31,1
DA:32,1
DA:33,1
DA:34,1
DA:35,1
DA:36,1
DA:37,1
DA:38,1
DA:39,1
DA:40,1
DA:41,1
DA:42,1
DA:43,1
DA:44,1
DA:45,1
DA:46,1
DA:47,1
DA:48,1
DA:49,1
DA:50,1
DA:51,1
DA:52,1
DA:53,1
DA:54,1
DA:55,1
DA:56,1
DA:57,1
DA:58,1
DA:59,1
DA:60,1
DA:61,1
DA:62,1
DA:63,1
DA:64,1
DA:65,1
DA:66,1
DA:67,1
DA:68,1
DA:69,1
DA:70,1
DA:71,1
DA:72,1
DA:73,1
DA:74,1
DA:75,1
DA:76,1
DA:77,1
DA:78,1
DA:79,1
DA:80,1
DA:81,1
DA:82,1
DA:83,1
DA:84,1
DA:85,1
DA:86,1
DA:87,1
DA:88,1
DA:89,1
DA:90,148
DA:91,148
DA:92,148
DA:93,148
DA:94,148
DA:95,148
DA:96,148
DA:97,148
DA:98,148
DA:99,148
DA:100,148
DA:101,148
DA:102,148
DA:103,148
DA:104,148
DA:105,148
DA:106,148
DA:107,148
DA:108,148
DA:109,148
DA:110,148
DA:111,148
DA:112,148
DA:113,148
DA:114,148
DA:115,148
DA:116,148
DA:117,148
DA:118,148
DA:119,148
DA:120,148
DA:121,148
DA:122,148
DA:123,35
DA:124,35
DA:125,35
DA:126,35
DA:127,148
DA:128,148
DA:129,148
DA:130,148
DA:131,1
DA:132,1
DA:133,1
DA:134,148
DA:135,148
DA:136,148
DA:137,148
DA:138,69
DA:139,49
DA:140,49
DA:141,49
DA:142,49
DA:143,49
DA:144,49
DA:145,4542
DA:146,4542
DA:147,43
DA:148,43
DA:149,12
DA:150,43
DA:151,2
DA:152,2
DA:153,4542
DA:154,4542
DA:155,4542
DA:156,4542
DA:157,1
DA:158,1
DA:159,4542
DA:160,4542
DA:161,4542
DA:162,2
DA:163,2
DA:164,49
DA:165,49
DA:166,49
DA:167,49
DA:168,148
DA:169,148
DA:170,148
DA:171,148
DA:172,35
DA:173,35
DA:174,35
DA:175,35
DA:176,1
DA:177,1
DA:178,148
DA:179,148
DA:180,148
DA:181,148
DA:182,148
DA:183,40
DA:184,40
DA:185,40
DA:186,40
DA:187,40
DA:188,40
DA:189,40
DA:190,40
DA:191,40
DA:192,148
DA:193,148
DA:194,148
DA:195,148
DA:196,148
DA:197,148
DA:198,16
DA:199,16
DA:200,16
DA:201,16
DA:202,16
DA:203,16
DA:204,16
DA:205,0
DA:206,0
DA:207,16
DA:208,16
DA:209,16
DA:210,16
DA:211,16
DA:212,16
DA:213,16
DA:214,16
DA:215,16
DA:216,0
DA:217,0
DA:218,16
DA:219,148
DA:220,148
DA:221,148
DA:222,148
DA:223,148
DA:224,43
DA:225,16
DA:226,16
DA:227,148
DA:228,148
DA:229,148
DA:230,148
DA:231,148
DA:232,148
DA:233,148
DA:234,148
DA:235,148
DA:236,148
DA:237,148
DA:238,148
DA:239,148
DA:240,148
DA:241,148
DA:242,148
DA:243,148
DA:244,148
DA:245,148
DA:246,148
DA:247,148
DA:248,148
DA:249,148
DA:250,148
DA:251,148
DA:252,148
DA:253,148
DA:254,148
DA:255,148
DA:256,148
DA:257,148
DA:258,148
DA:259,148
DA:260,148
DA:261,1
DA:262,1
DA:263,1
DA:264,1
DA:265,1
DA:266,1
DA:267,16
DA:268,16
DA:269,16
DA:270,16
DA:271,16
DA:272,16
DA:273,16
DA:274,16
DA:275,16
DA:276,6
DA:277,16
DA:278,16
DA:279,16
DA:280,1
DA:281,16
DA:282,16
DA:283,16
DA:284,16
DA:285,16
DA:286,16
DA:287,7
DA:288,7
DA:289,7
DA:290,16
DA:291,16
DA:292,16
DA:293,16
DA:294,16
DA:295,16
DA:296,16
DA:297,16
DA:298,16
DA:299,16
DA:300,3
DA:301,3
DA:302,3
DA:303,3
DA:304,16
DA:305,16
DA:306,2
DA:307,2
DA:308,2
DA:309,2
DA:310,2
DA:311,2
DA:312,16
DA:313,16
DA:314,1
DA:315,1
DA:316,2
DA:317,2
DA:318,2
DA:319,1
DA:320,1
DA:321,1
DA:322,16
DA:323,16
DA:324,1
DA:325,1
DA:326,1
DA:327,1
DA:328,16
DA:329,16
DA:330,1
DA:331,1
DA:332,1
DA:333,1
DA:334,1
DA:335,1
DA:336,1
DA:337,1
DA:338,16
DA:339,16
DA:340,16
DA:341,16
DA:342,16
DA:343,16
DA:344,16
DA:345,1
DA:346,1
DA:347,16
DA:348,16
DA:349,16
DA:350,16
DA:351,16
DA:352,16
DA:353,16
DA:354,16
DA:355,16
DA:356,16
DA:357,16
DA:358,16
DA:359,16
DA:360,16
DA:361,16
DA:362,16
DA:363,16
DA:364,16
DA:365,16
DA:366,16
DA:367,16
DA:368,1
DA:369,1
DA:370,1
DA:371,1
DA:372,1
DA:373,1
DA:374,3
DA:375,3
DA:376,3
DA:377,3
DA:378,3
DA:379,3
DA:380,3
DA:381,3
DA:382,3
DA:383,3
DA:384,3
DA:385,3
DA:386,3
DA:387,3
DA:388,3
DA:389,3
DA:390,3
DA:391,3
LF:391
LH:387
BRDA:89,0,0,148
BRDA:98,1,0,69
BRDA:103,2,0,68
BRDA:122,3,0,35
BRDA:123,4,0,35
BRDA:130,5,0,1
BRDA:131,6,0,1
BRDA:137,7,0,69
BRDA:138,8,0,20
BRDA:138,9,0,49
BRDA:144,10,0,4542
BRDA:156,11,0,26
BRDA:156,12,0,1
BRDA:161,13,0,26
BRDA:161,14,0,2
BRDA:146,15,0,43
BRDA:148,16,0,12
BRDA:150,17,0,2
BRDA:171,18,0,35
BRDA:174,19,0,27
BRDA:174,20,0,7
BRDA:175,21,0,1
BRDA:182,22,0,40
BRDA:197,23,0,16
BRDA:198,24,0,0
BRDA:204,25,0,0
BRDA:215,26,0,0
BRDA:223,27,0,43
BRDA:224,28,0,23
BRDA:224,29,0,17
BRDA:224,30,0,16
BRDA:266,31,0,16
BRDA:275,32,0,6
BRDA:279,33,0,1
BRDA:284,34,0,16
BRDA:286,35,0,7
BRDA:289,36,0,1
BRDA:289,37,0,6
BRDA:295,38,0,16
BRDA:299,39,0,3
BRDA:305,40,0,2
BRDA:313,41,0,1
BRDA:313,42,0,1
BRDA:323,43,0,1
BRDA:329,44,0,1
BRDA:300,45,0,3
BRDA:306,46,0,2
BRDA:314,47,0,1
BRDA:315,48,0,2
BRDA:316,49,0,2
BRDA:325,50,0,1
BRDA:325,51,0,0
BRDA:330,52,0,1
BRDA:344,53,0,1
BRDA:373,54,0,3
BRF:55
BRH:51
end_of_record
TN:
SF:src/hooks/useVirtualization.ts
FN:9,useVirtualization
FNF:1
FNH:0
FNDA:0,useVirtualization
DA:1,1
DA:2,1
DA:3,1
DA:4,1
DA:5,1
DA:6,1
DA:7,1
DA:8,1
DA:9,1
DA:10,0
DA:11,0
DA:12,0
DA:13,0
DA:14,0
DA:15,0
DA:16,0
DA:17,0
DA:18,0
DA:19,0
DA:20,0
DA:21,0
DA:22,0
DA:23,0
DA:24,0
DA:25,0
DA:26,0
DA:27,0
DA:28,0
DA:29,0
DA:30,0
DA:31,0
DA:32,0
DA:33,0
DA:34,0
DA:35,0
DA:36,0
DA:37,0
DA:38,0
DA:39,0
DA:40,0
DA:41,0
DA:42,0
DA:43,0
DA:44,0
DA:45,0
DA:46,0
DA:47,0
DA:48,0
DA:49,0
DA:50,0
DA:51,0
DA:52,0
LF:52
LH:9
BRF:0
BRH:0
end_of_record
TN:
SF:src/services/export.service.ts
FN:4,exportToJSON
FN:17,importFromJSON
FN:21,reader.onload
FN:30,reader.onerror
FN:35,exportToCSV
FNF:5
FNH:5
FNDA:2,exportToJSON
FNDA:3,importFromJSON
FNDA:2,reader.onload
FNDA:1,reader.onerror
FNDA:1,exportToCSV
DA:1,1
DA:2,1
DA:3,1
DA:4,1
DA:5,2
DA:6,2
DA:7,2
DA:8,2
DA:9,2
DA:10,2
DA:11,2
DA:12,2
DA:13,2
DA:14,2
DA:15,2
DA:16,1
DA:17,1
DA:18,3
DA:19,3
DA:20,3
DA:21,3
DA:22,2
DA:23,2
DA:24,2
DA:25,2
DA:26,1
DA:27,1
DA:28,2
DA:29,3
DA:30,3
DA:31,3
DA:32,3
DA:33,3
DA:34,1
DA:35,1
DA:36,1
DA:37,1
DA:38,1
DA:39,1
DA:40,1
DA:41,1
DA:42,1
DA:43,1
DA:44,1
DA:45,1
DA:46,1
DA:47,1
DA:48,1
DA:49,1
DA:50,1
DA:51,1
DA:52,1
DA:53,1
DA:54,1
DA:55,1
DA:56,1
DA:57,1
DA:58,1
DA:59,1
DA:60,1
DA:61,1
DA:62,1
DA:63,1
DA:64,1
DA:65,1
DA:66,1
DA:67,1
DA:68,1
DA:69,1
DA:70,1
DA:71,1
LF:71
LH:71
BRDA:4,0,0,2
BRDA:17,1,0,3
BRDA:18,2,0,3
BRDA:21,3,0,2
BRDA:25,4,0,1
BRDA:30,5,0,1
BRDA:35,6,0,1
BRDA:45,7,0,1
BRDA:48,8,0,0
BRDA:49,9,0,0
BRDA:51,10,0,0
BRDA:57,11,0,1
BRF:12
BRH:9
end_of_record
TN:
SF:src/services/storage.service.ts
FN:16,savePhrases
FN:43,loadPhrases
FN:61,isValidPhrase
FN:87,saveTheme
FN:91,loadTheme
FN:97,savePreferences
FN:108,loadPreferences
FN:126,isValidPreferences
FN:151,clearAll
FN:157,getStorageSize
FN:167,cleanupOldData
FN:180,exportData
FN:190,importData
FNF:13
FNH:6
FNDA:37,savePhrases
FNDA:38,loadPhrases
FNDA:1,isValidPhrase
FNDA:0,saveTheme
FNDA:37,loadTheme
FNDA:0,savePreferences
FNDA:35,loadPreferences
FNDA:0,isValidPreferences
FNDA:1,clearAll
FNDA:0,getStorageSize
FNDA:0,cleanupOldData
FNDA:0,exportData
FNDA:0,importData
DA:1,1
DA:2,1
DA:3,1
DA:4,1
DA:5,1
DA:6,1
DA:7,1
DA:8,1
DA:9,1
DA:10,1
DA:11,1
DA:12,1
DA:13,1
DA:14,1
DA:15,1
DA:16,1
DA:17,37
DA:18,37
DA:19,37
DA:20,37
DA:21,37
DA:22,37
DA:23,1
DA:24,1
DA:25,0
DA:26,1
DA:27,0
DA:28,0
DA:29,0
DA:30,0
DA:31,0
DA:32,0
DA:33,1
DA:34,1
DA:35,1
DA:36,1
DA:37,37
DA:38,37
DA:39,37
DA:40,37
DA:41,37
DA:42,1
DA:43,1
DA:44,38
DA:45,38
DA:46,38
DA:47,38
DA:48,2
DA:49,2
DA:50,2
DA:51,2
DA:52,3
DA:53,0
DA:54,0
DA:55,0
DA:56,0
DA:57,0
DA:58,0
DA:59,1
DA:60,1
DA:61,1
DA:62,1
DA:63,1
DA:64,1
DA:65,1
DA:66,1
DA:67,1
DA:68,1
DA:69,1
DA:70,1
DA:71,1
DA:72,1
DA:73,1
DA:74,3
DA:75,0
DA:76,0
DA:77,0
DA:78,0
DA:79,1
DA:80,1
DA:81,38
DA:82,38
DA:83,38
DA:84,38
DA:85,38
DA:86,1
DA:87,1
DA:88,0
DA:89,0
DA:90,1
DA:91,1
DA:92,37
DA:93,37
DA:94,37
DA:95,37
DA:96,1
DA:97,1
DA:98,0
DA:99,0
DA:100,0
DA:101,0
DA:102,0
DA:103,0
DA:104,0
DA:105,0
DA:106,0
DA:107,1
DA:108,1
DA:109,35
DA:110,35
DA:111,35
DA:112,35
DA:113,0
DA:114,0
DA:115,0
DA:116,0
DA:117,35
DA:118,0
DA:119,0
DA:120,0
DA:121,0
DA:122,0
DA:123,0
DA:124,0
DA:125,0
DA:126,0
DA:127,0
DA:128,0
DA:129,0
DA:130,0
DA:131,0
DA:132,0
DA:133,0
DA:134,0
DA:135,0
DA:136,0
DA:137,0
DA:138,0
DA:139,0
DA:140,0
DA:141,0
DA:142,0
DA:143,0
DA:144,0
DA:145,35
DA:146,35
DA:147,35
DA:148,35
DA:149,35
DA:150,1
DA:151,1
DA:152,1
DA:153,4
DA:154,1
DA:155,1
DA:156,1
DA:157,1
DA:158,0
DA:159,0
DA:160,0
DA:161,0
DA:162,0
DA:163,0
DA:164,0
DA:165,0
DA:166,1
DA:167,1
DA:168,0
DA:169,0
DA:170,0
DA:171,0
DA:172,0
DA:173,0
DA:174,0
DA:175,0
DA:176,0
DA:177,0
DA:178,0
DA:179,1
DA:180,1
DA:181,0
DA:182,0
DA:183,0
DA:184,0
DA:185,0
DA:186,0
DA:187,0
DA:188,0
DA:189,1
DA:190,1
DA:191,0
DA:192,0
DA:193,0
DA:194,0
DA:195,0
DA:196,0
DA:197,0
DA:198,0
DA:199,0
DA:200,0
DA:201,0
DA:202,0
DA:203,0
DA:204,0
DA:205,0
DA:206,0
DA:207,0
DA:208,0
DA:209,0
DA:210,0
DA:211,0
DA:212,0
DA:213,0
DA:214,0
DA:215,0
DA:216,0
DA:217,0
DA:218,0
DA:219,0
DA:220,0
DA:221,0
DA:222,0
DA:223,0
DA:224,0
DA:225,0
DA:226,0
DA:227,0
DA:228,0
DA:229,0
DA:230,0
DA:231,0
DA:232,0
DA:233,0
DA:234,0
DA:235,0
DA:236,0
DA:237,0
DA:238,0
DA:239,0
DA:240,0
DA:241,0
DA:242,0
DA:243,0
DA:244,0
DA:245,0
DA:246,0
DA:247,0
DA:248,0
DA:249,0
DA:250,0
DA:251,0
DA:252,0
DA:253,0
DA:254,0
DA:255,0
DA:256,0
DA:257,0
DA:258,0
DA:259,0
DA:260,0
DA:261,1
LF:261
LH:105
BRDA:16,0,0,37
BRDA:18,1,0,37
BRDA:22,2,0,1
BRDA:24,3,0,0
BRDA:26,4,0,0
BRDA:43,5,0,38
BRDA:45,6,0,38
BRDA:47,7,0,36
BRDA:47,8,0,3
BRDA:47,9,0,2
BRDA:52,10,0,0
BRDA:58,11,0,1
BRDA:74,12,0,0
BRDA:78,13,0,1
BRDA:61,14,0,1
BRDA:91,15,0,37
BRDA:93,16,0,36
BRDA:108,17,0,35
BRDA:110,18,0,35
BRDA:112,19,0,0
BRDA:117,20,0,0
BRDA:151,21,0,1
BRDA:152,22,0,4
BRF:23
BRH:17
end_of_record
TN:
SF:src/store/StoreContext.tsx
FN:16,loadInitialState
FN:54,initialState
FN:67,getDefaultState
FN:74,StoreProvider
FN:129,useStore
FNF:5
FNH:3
FNDA:61,loadInitialState
FNDA:0,initialState
FNDA:0,getDefaultState
FNDA:64,StoreProvider
FNDA:839,useStore
DA:1,1
DA:2,1
DA:3,1
DA:4,1
DA:5,1
DA:6,1
DA:7,1
DA:8,1
DA:9,1
DA:10,1
DA:11,1
DA:12,1
DA:13,1
DA:14,1
DA:15,1
DA:16,1
DA:17,61
DA:18,61
DA:19,61
DA:20,61
DA:21,61
DA:22,61
DA:23,0
DA:24,0
DA:25,61
DA:26,61
DA:27,0
DA:28,0
DA:29,61
DA:30,61
DA:31,61
DA:32,61
DA:33,61
DA:34,61
DA:35,61
DA:36,61
DA:37,61
DA:38,61
DA:39,61
DA:40,61
DA:41,61
DA:42,61
DA:43,61
DA:44,61
DA:45,0
DA:46,61
DA:47,61
DA:48,61
DA:49,0
DA:50,0
DA:51,0
DA:52,61
DA:53,1
DA:54,1
DA:55,0
DA:56,0
DA:57,0
DA:58,0
DA:59,0
DA:60,0
DA:61,0
DA:62,0
DA:63,0
DA:64,0
DA:65,0
DA:66,1
DA:67,1
DA:68,1
DA:69,1
DA:70,1
DA:71,1
DA:72,1
DA:73,1
DA:74,1
DA:75,64
DA:76,64
DA:77,64
DA:78,64
DA:79,64
DA:80,64
DA:81,64
DA:82,64
DA:83,64
DA:84,61
DA:85,37
DA:86,32
DA:87,32
DA:88,37
DA:89,37
DA:90,0
DA:91,0
DA:92,0
DA:93,0
DA:94,0
DA:95,0
DA:96,0
DA:97,0
DA:98,0
DA:99,0
DA:100,0
DA:101,0
DA:102,0
DA:103,0
DA:104,0
DA:105,0
DA:106,0
DA:107,37
DA:108,61
DA:109,61
DA:110,61
DA:111,61
DA:112,61
DA:113,0
DA:114,0
DA:115,61
DA:116,61
DA:117,61
DA:118,61
DA:119,5
DA:120,5
DA:121,61
DA:122,64
DA:123,64
DA:124,64
DA:125,64
DA:126,64
DA:127,64
DA:128,1
DA:129,1
DA:130,839
DA:131,839
DA:132,0
DA:133,0
DA:134,835
DA:135,835
DA:136,835
DA:137,835
DA:138,36
DA:139,835
DA:140,835
DA:141,835
DA:142,835
DA:143,835
DA:144,835
DA:145,835
LF:145
LH:105
BRDA:16,0,0,61
BRDA:22,1,0,0
BRDA:26,2,0,0
BRDA:31,3,0,0
BRDA:35,4,0,0
BRDA:36,5,0,0
BRDA:38,6,0,0
BRDA:40,7,0,0
BRDA:44,8,0,0
BRDA:48,9,0,0
BRDA:74,10,0,64
BRDA:79,11,0,61
BRDA:83,12,0,61
BRDA:112,13,0,0
BRDA:84,14,0,37
BRDA:85,15,0,32
BRDA:116,16,0,61
BRDA:118,17,0,5
BRDA:129,18,0,839
BRDA:131,19,0,0
BRDA:133,20,0,835
BRDA:135,21,0,96
BRDA:137,22,0,36
BRF:23
BRH:12
end_of_record
TN:
SF:src/store/actions.ts
FN:4,addPhrase
FN:9,deletePhrase
FN:14,batchDelete
FN:19,updatePhrase
FN:24,setFilter
FN:29,setSort
FN:34,toggleSelectionMode
FN:38,togglePhraseSelection
FN:43,clearSelection
FN:47,importPhrases
FN:52,toggleTheme
FN:56,setViewMode
FN:61,setLoading
FN:66,setError
FNF:14
FNH:11
FNDA:7,addPhrase
FNDA:2,deletePhrase
FNDA:2,batchDelete
FNDA:2,updatePhrase
FNDA:39,setFilter
FNDA:1,setSort
FNDA:1,toggleSelectionMode
FNDA:4,togglePhraseSelection
FNDA:2,clearSelection
FNDA:1,importPhrases
FNDA:2,toggleTheme
FNDA:0,setViewMode
FNDA:0,setLoading
FNDA:0,setError
DA:1,1
DA:2,1
DA:3,1
DA:4,1
DA:5,7
DA:6,7
DA:7,7
DA:8,1
DA:9,1
DA:10,2
DA:11,2
DA:12,2
DA:13,1
DA:14,1
DA:15,2
DA:16,2
DA:17,2
DA:18,1
DA:19,1
DA:20,2
DA:21,2
DA:22,2
DA:23,1
DA:24,1
DA:25,39
DA:26,39
DA:27,39
DA:28,1
DA:29,1
DA:30,1
DA:31,1
DA:32,1
DA:33,1
DA:34,1
DA:35,1
DA:36,1
DA:37,1
DA:38,1
DA:39,4
DA:40,4
DA:41,4
DA:42,1
DA:43,1
DA:44,2
DA:45,2
DA:46,1
DA:47,1
DA:48,1
DA:49,1
DA:50,1
DA:51,1
DA:52,1
DA:53,2
DA:54,2
DA:55,1
DA:56,1
DA:57,0
DA:58,0
DA:59,0
DA:60,1
DA:61,1
DA:62,0
DA:63,0
DA:64,0
DA:65,1
DA:66,1
DA:67,0
DA:68,0
DA:69,0
DA:70,1
LF:70
LH:61
BRDA:4,0,0,7
BRDA:9,1,0,2
BRDA:14,2,0,2
BRDA:19,3,0,2
BRDA:24,4,0,39
BRDA:29,5,0,1
BRDA:34,6,0,1
BRDA:38,7,0,4
BRDA:43,8,0,2
BRDA:47,9,0,1
BRDA:52,10,0,2
BRF:11
BRH:11
end_of_record
TN:
SF:src/store/index.ts
FNF:0
FNH:0
DA:1,1
DA:2,1
DA:3,1
DA:4,1
DA:5,1
LF:5
LH:5
BRF:0
BRH:0
end_of_record
TN:
SF:src/store/reducer.ts
FN:4,rootReducer
FNF:1
FNH:1
FNDA:52,rootReducer
DA:1,1
DA:2,1
DA:3,1
DA:4,1
DA:5,52
DA:6,52
DA:7,6
DA:8,6
DA:9,6
DA:10,6
DA:11,52
DA:12,52
DA:13,3
DA:14,3
DA:15,3
DA:16,3
DA:17,3
DA:18,3
DA:19,3
DA:20,52
DA:21,52
DA:22,0
DA:23,0
DA:24,0
DA:25,0
DA:26,0
DA:27,0
DA:28,52
DA:29,52
DA:30,0
DA:31,0
DA:32,0
DA:33,0
DA:34,0
DA:35,0
DA:36,52
DA:37,52
DA:38,38
DA:39,38
DA:40,38
DA:41,38
DA:42,52
DA:43,52
DA:44,0
DA:45,0
DA:46,0
DA:47,0
DA:48,0
DA:49,52
DA:50,52
DA:51,3
DA:52,3
DA:53,3
DA:54,3
DA:55,3
DA:56,52
DA:57,52
DA:58,0
DA:59,0
DA:60,0
DA:61,0
DA:62,0
DA:63,0
DA:64,0
DA:65,52
DA:66,52
DA:67,0
DA:68,0
DA:69,0
DA:70,0
DA:71,0
DA:72,52
DA:73,52
DA:74,0
DA:75,0
DA:76,0
DA:77,0
DA:78,52
DA:79,52
DA:80,2
DA:81,2
DA:82,2
DA:83,2
DA:84,2
DA:85,2
DA:86,2
DA:87,52
DA:88,52
DA:89,0
DA:90,0
DA:91,0
DA:92,0
DA:93,52
DA:94,52
DA:95,0
DA:96,0
DA:97,0
DA:98,0
DA:99,52
DA:100,52
DA:101,0
DA:102,0
DA:103,0
DA:104,0
DA:105,52
DA:106,52
DA:107,0
DA:108,52
DA:109,0
LF:109
LH:62
BRDA:4,0,0,52
BRDA:6,1,0,6
BRDA:12,2,0,3
BRDA:21,3,0,0
BRDA:29,4,0,0
BRDA:37,5,0,38
BRDA:43,6,0,0
BRDA:50,7,0,3
BRDA:54,8,0,2
BRDA:54,9,0,1
BRDA:57,10,0,0
BRDA:66,11,0,0
BRDA:73,12,0,0
BRDA:79,13,0,2
BRDA:80,14,0,1
BRDA:80,15,0,1
BRDA:88,16,0,0
BRDA:94,17,0,0
BRDA:100,18,0,0
BRDA:106,19,0,0
BRDA:108,20,0,0
BRDA:15,21,0,4
BRDA:17,22,0,1
BRF:23
BRH:12
end_of_record
TN:
SF:src/store/selectors.ts
FN:4,createSelector
FN:24,createSelector.phrases.phrases
FN:75,selectStats
FNF:3
FNH:3
FNDA:8,createSelector
FNDA:153,createSelector.phrases.phrases
FNDA:66,selectStats
DA:1,1
DA:2,1
DA:3,1
DA:4,1
DA:5,8
DA:6,8
DA:7,8
DA:8,8
DA:9,8
DA:10,8
DA:11,8
DA:12,153
DA:13,153
DA:14,153
DA:15,153
DA:16,153
DA:17,153
DA:18,153
DA:19,8
DA:20,1
DA:21,1
DA:22,1
DA:23,1
DA:24,1
DA:25,153
DA:26,153
DA:27,153
DA:28,153
DA:29,153
DA:30,1
DA:31,153
DA:32,153
DA:33,153
DA:34,153
DA:35,153
DA:36,50
DA:37,50
DA:38,50
DA:39,50
DA:40,50
DA:41,50
DA:42,18
DA:43,18
DA:44,17
DA:45,50
DA:46,50
DA:47,50
DA:48,153
DA:49,153
DA:50,59
DA:51,59
DA:52,59
DA:53,59
DA:54,44
DA:55,44
DA:56,44
DA:57,59
DA:58,8
DA:59,8
DA:60,59
DA:61,4
DA:62,4
DA:63,59
DA:64,3
DA:65,3
DA:66,59
DA:67,59
DA:68,59
DA:69,153
DA:70,153
DA:71,153
DA:72,153
DA:73,1
DA:74,1
DA:75,1
DA:76,66
DA:77,66
DA:78,66
DA:79,66
DA:80,66
DA:81,66
DA:82,66
DA:83,66
DA:84,24
DA:85,24
DA:86,24
DA:87,24
DA:88,42
DA:89,66
DA:90,66
DA:91,66
DA:92,66
DA:93,66
DA:94,66
DA:95,66
DA:96,66
LF:96
LH:96
BRDA:4,0,0,8
BRDA:11,1,0,153
BRDA:24,2,0,153
BRDA:30,3,0,153
BRDA:32,4,0,0
BRDA:35,5,0,55
BRDA:35,6,0,50
BRDA:40,7,0,50
BRDA:41,8,0,18
BRDA:42,9,0,18
BRDA:43,10,0,16
BRDA:43,11,0,17
BRDA:44,12,0,15
BRDA:42,13,0,32
BRDA:49,14,0,59
BRDA:53,15,0,44
BRDA:57,16,0,8
BRDA:60,17,0,4
BRDA:61,18,0,0
BRDA:61,19,0,0
BRDA:63,20,0,3
BRDA:64,21,0,0
BRDA:64,22,0,0
BRDA:68,23,0,16
BRDA:68,24,0,43
BRDA:75,25,0,66
BRDA:83,26,0,24
BRDA:87,27,0,42
BRDA:85,28,0,37
BRDA:89,29,0,37
BRDA:89,30,0,15
BRDA:91,31,0,37
BRDA:93,32,0,37
BRF:33
BRH:28
end_of_record
TN:
SF:src/store/store.ts
FN:7,<instance_members_initializer>
FN:12,Store
FN:21,getState
FN:25,dispatch
FN:31,subscribe
FNF:5
FNH:5
FNDA:67,<instance_members_initializer>
FNDA:67,Store
FNDA:902,getState
FNDA:45,dispatch
FNDA:99,subscribe
DA:1,1
DA:2,1
DA:3,1
DA:4,1
DA:5,1
DA:6,1
DA:7,1
DA:8,67
DA:9,67
DA:10,67
DA:11,67
DA:12,67
DA:13,67
DA:14,67
DA:15,67
DA:16,67
DA:17,67
DA:18,67
DA:19,67
DA:20,67
DA:21,67
DA:22,902
DA:23,902
DA:24,67
DA:25,67
DA:26,45
DA:27,45
DA:28,45
DA:29,45
DA:30,67
DA:31,67
DA:32,99
DA:33,99
DA:34,99
DA:35,67
LF:35
LH:35
BRDA:3,0,0,0
BRDA:7,1,0,67
BRDA:12,2,0,67
BRDA:18,3,0,0
BRDA:21,4,0,902
BRDA:25,5,0,45
BRDA:27,6,0,0
BRDA:28,7,0,135
BRDA:31,8,0,99
BRDA:33,9,0,99
BRF:10
BRH:7
end_of_record
TN:
SF:src/styles/design-system.ts
FN:263,combineClasses
FN:270,createClassBuilder
FNF:2
FNH:1
FNDA:5688,combineClasses
FNDA:0,createClassBuilder
DA:1,1
DA:2,1
DA:3,1
DA:4,1
DA:5,1
DA:6,1
DA:7,1
DA:8,1
DA:9,1
DA:10,1
DA:11,1
DA:12,1
DA:13,1
DA:14,1
DA:15,1
DA:16,1
DA:17,1
DA:18,1
DA:19,1
DA:20,1
DA:21,1
DA:22,1
DA:23,1
DA:24,1
DA:25,1
DA:26,1
DA:27,1
DA:28,1
DA:29,1
DA:30,1
DA:31,1
DA:32,1
DA:33,1
DA:34,1
DA:35,1
DA:36,1
DA:37,1
DA:38,1
DA:39,1
DA:40,1
DA:41,1
DA:42,1
DA:43,1
DA:44,1
DA:45,1
DA:46,1
DA:47,1
DA:48,1
DA:49,1
DA:50,1
DA:51,1
DA:52,1
DA:53,1
DA:54,1
DA:55,1
DA:56,1
DA:57,1
DA:58,1
DA:59,1
DA:60,1
DA:61,1
DA:62,1
DA:63,1
DA:64,1
DA:65,1
DA:66,1
DA:67,1
DA:68,1
DA:69,1
DA:70,1
DA:71,1
DA:72,1
DA:73,1
DA:74,1
DA:75,1
DA:76,1
DA:77,1
DA:78,1
DA:79,1
DA:80,1
DA:81,1
DA:82,1
DA:83,1
DA:84,1
DA:85,1
DA:86,1
DA:87,1
DA:88,1
DA:89,1
DA:90,1
DA:91,1
DA:92,1
DA:93,1
DA:94,1
DA:95,1
DA:96,1
DA:97,1
DA:98,1
DA:99,1
DA:100,1
DA:101,1
DA:102,1
DA:103,1
DA:104,1
DA:105,1
DA:106,1
DA:107,1
DA:108,1
DA:109,1
DA:110,1
DA:111,1
DA:112,1
DA:113,1
DA:114,1
DA:115,1
DA:116,1
DA:117,1
DA:118,1
DA:119,1
DA:120,1
DA:121,1
DA:122,1
DA:123,1
DA:124,1
DA:125,1
DA:126,1
DA:127,1
DA:128,1
DA:129,1
DA:130,1
DA:131,1
DA:132,1
DA:133,1
DA:134,1
DA:135,1
DA:136,1
DA:137,1
DA:138,1
DA:139,1
DA:140,1
DA:141,1
DA:142,1
DA:143,1
DA:144,1
DA:145,1
DA:146,1
DA:147,1
DA:148,1
DA:149,1
DA:150,1
DA:151,1
DA:152,1
DA:153,1
DA:154,1
DA:155,1
DA:156,1
DA:157,1
DA:158,1
DA:159,1
DA:160,1
DA:161,1
DA:162,1
DA:163,1
DA:164,1
DA:165,1
DA:166,1
DA:167,1
DA:168,1
DA:169,1
DA:170,1
DA:171,1
DA:172,1
DA:173,1
DA:174,1
DA:175,1
DA:176,1
DA:177,1
DA:178,1
DA:179,1
DA:180,1
DA:181,1
DA:182,1
DA:183,1
DA:184,1
DA:185,1
DA:186,1
DA:187,1
DA:188,1
DA:189,1
DA:190,1
DA:191,1
DA:192,1
DA:193,1
DA:194,1
DA:195,1
DA:196,1
DA:197,1
DA:198,1
DA:199,1
DA:200,1
DA:201,1
DA:202,1
DA:203,1
DA:204,1
DA:205,1
DA:206,1
DA:207,1
DA:208,1
DA:209,1
DA:210,1
DA:211,1
DA:212,1
DA:213,1
DA:214,1
DA:215,1
DA:216,1
DA:217,1
DA:218,1
DA:219,1
DA:220,1
DA:221,1
DA:222,1
DA:223,1
DA:224,1
DA:225,1
DA:226,1
DA:227,1
DA:228,1
DA:229,1
DA:230,1
DA:231,1
DA:232,1
DA:233,1
DA:234,1
DA:235,1
DA:236,1
DA:237,1
DA:238,1
DA:239,1
DA:240,1
DA:241,1
DA:242,1
DA:243,1
DA:244,1
DA:245,1
DA:246,1
DA:247,1
DA:248,1
DA:249,1
DA:250,1
DA:251,1
DA:252,1
DA:253,1
DA:254,1
DA:255,1
DA:256,1
DA:257,1
DA:258,1
DA:259,1
DA:260,1
DA:261,1
DA:262,1
DA:263,1
DA:264,5688
DA:265,5688
DA:266,5688
DA:267,5688
DA:268,1
DA:269,1
DA:270,1
DA:271,0
DA:272,0
DA:273,0
DA:274,0
DA:275,0
DA:276,0
DA:277,0
DA:278,0
DA:279,1
DA:280,1
DA:281,1
DA:282,1
DA:283,1
DA:284,1
DA:285,1
DA:286,1
DA:287,1
DA:288,1
DA:289,1
DA:290,1
DA:291,1
DA:292,1
DA:293,1
DA:294,1
DA:295,1
DA:296,1
DA:297,1
DA:298,1
DA:299,1
DA:300,1
DA:301,1
DA:302,1
DA:303,1
DA:304,1
DA:305,1
DA:306,1
DA:307,1
DA:308,1
DA:309,1
DA:310,1
DA:311,1
DA:312,1
DA:313,1
DA:314,1
DA:315,1
DA:316,1
DA:317,1
DA:318,1
DA:319,1
DA:320,1
DA:321,1
DA:322,1
DA:323,1
DA:324,1
DA:325,1
DA:326,1
DA:327,1
DA:328,1
DA:329,1
DA:330,1
DA:331,1
DA:332,1
DA:333,1
DA:334,1
DA:335,1
DA:336,1
DA:337,1
DA:338,1
DA:339,1
DA:340,1
DA:341,1
DA:342,1
DA:343,1
DA:344,1
DA:345,1
DA:346,1
DA:347,1
DA:348,1
DA:349,1
DA:350,1
DA:351,1
DA:352,1
DA:353,1
DA:354,1
DA:355,1
LF:355
LH:347
BRDA:263,0,0,5688
BRF:1
BRH:1
end_of_record
TN:
SF:src/types/app.types.ts
FNF:0
FNH:0
DA:1,1
DA:2,1
DA:3,1
DA:4,1
DA:5,1
DA:6,1
LF:6
LH:6
BRF:0
BRH:0
end_of_record
TN:
SF:src/types/form.types.ts
FNF:0
FNH:0
DA:1,1
DA:2,1
DA:3,1
DA:4,1
DA:5,1
DA:6,1
DA:7,1
DA:8,1
DA:9,1
DA:10,1
DA:11,1
DA:12,1
DA:13,1
DA:14,1
DA:15,1
DA:16,1
DA:17,1
DA:18,1
DA:19,1
DA:20,1
DA:21,1
DA:22,1
DA:23,1
DA:24,1
DA:25,1
DA:26,1
DA:27,1
DA:28,1
DA:29,1
DA:30,1
DA:31,1
DA:32,1
DA:33,1
DA:34,1
DA:35,1
DA:36,1
DA:37,1
DA:38,1
LF:38
LH:38
BRF:0
BRH:0
end_of_record
TN:
SF:src/types/index.ts
FNF:0
FNH:0
DA:1,1
DA:2,1
DA:3,1
DA:4,1
DA:5,1
LF:5
LH:5
BRF:0
BRH:0
end_of_record
TN:
SF:src/types/phrase.types.ts
FN:8,isPhraseId
FN:12,isNonEmptyString
FN:16,isPositiveNumber
FN:20,isISODateString
FN:25,createPhraseId
FN:32,createNonEmptyString
FN:39,createPositiveNumber
FN:46,createISODateString
FNF:8
FNH:8
FNDA:55,isPhraseId
FNDA:62,isNonEmptyString
FNDA:47,isPositiveNumber
FNDA:46,isISODateString
FNDA:55,createPhraseId
FNDA:62,createNonEmptyString
FNDA:47,createPositiveNumber
FNDA:46,createISODateString
DA:1,1
DA:2,1
DA:3,1
DA:4,1
DA:5,1
DA:6,1
DA:7,1
DA:8,1
DA:9,55
DA:10,55
DA:11,1
DA:12,1
DA:13,62
DA:14,62
DA:15,1
DA:16,1
DA:17,47
DA:18,47
DA:19,1
DA:20,1
DA:21,46
DA:22,46
DA:23,1
DA:24,1
DA:25,1
DA:26,55
DA:27,0
DA:28,0
DA:29,55
DA:30,55
DA:31,1
DA:32,1
DA:33,62
DA:34,0
DA:35,0
DA:36,62
DA:37,62
DA:38,1
DA:39,1
DA:40,47
DA:41,0
DA:42,0
DA:43,47
DA:44,47
DA:45,1
DA:46,1
DA:47,46
DA:48,0
DA:49,0
DA:50,46
DA:51,46
DA:52,1
DA:53,1
DA:54,1
DA:55,1
DA:56,1
DA:57,1
DA:58,1
DA:59,1
DA:60,1
DA:61,1
DA:62,1
DA:63,1
DA:64,1
DA:65,1
DA:66,1
DA:67,1
DA:68,1
DA:69,1
DA:70,1
DA:71,1
DA:72,1
LF:72
LH:64
BRDA:8,0,0,55
BRDA:12,1,0,62
BRDA:16,2,0,47
BRDA:20,3,0,46
BRDA:25,4,0,55
BRDA:26,5,0,0
BRDA:32,6,0,62
BRDA:33,7,0,0
BRDA:39,8,0,47
BRDA:40,9,0,0
BRDA:46,10,0,46
BRDA:47,11,0,0
BRF:12
BRH:8
end_of_record
TN:
SF:src/types/store.types.ts
FNF:0
FNH:0
DA:1,1
DA:2,1
DA:3,1
DA:4,1
DA:5,1
DA:6,1
DA:7,1
DA:8,1
DA:9,1
DA:10,1
DA:11,1
DA:12,1
DA:13,1
DA:14,1
DA:15,1
DA:16,1
DA:17,1
DA:18,1
DA:19,1
DA:20,1
DA:21,1
DA:22,1
DA:23,1
DA:24,1
DA:25,1
DA:26,1
DA:27,1
DA:28,1
DA:29,1
DA:30,1
DA:31,1
DA:32,1
DA:33,1
DA:34,1
DA:35,1
LF:35
LH:35
BRF:0
BRH:0
end_of_record
TN:
SF:src/types/validation.types.ts
FNF:0
FNH:0
DA:1,1
DA:2,1
DA:3,1
DA:4,1
DA:5,1
DA:6,1
DA:7,1
DA:8,1
DA:9,1
DA:10,1
DA:11,1
DA:12,1
DA:13,1
DA:14,1
DA:15,1
DA:16,1
DA:17,1
DA:18,1
DA:19,1
DA:20,1
DA:21,1
DA:22,1
DA:23,1
DA:24,1
DA:25,1
DA:26,1
DA:27,1
DA:28,1
DA:29,1
DA:30,1
DA:31,1
DA:32,1
DA:33,1
DA:34,1
DA:35,1
DA:36,1
DA:37,1
DA:38,1
DA:39,1
DA:40,1
DA:41,1
DA:42,1
DA:43,1
DA:44,1
DA:45,1
DA:46,1
DA:47,1
DA:48,1
DA:49,1
DA:50,1
DA:51,1
DA:52,1
DA:53,1
DA:54,1
DA:55,1
DA:56,1
DA:57,1
DA:58,1
DA:59,1
DA:60,1
DA:61,1
DA:62,1
DA:63,1
DA:64,1
DA:65,1
DA:66,1
DA:67,1
DA:68,1
DA:69,1
LF:69
LH:69
BRF:0
BRH:0
end_of_record
TN:
SF:src/utils/constants.ts
FNF:0
FNH:0
DA:1,1
DA:2,1
DA:3,1
DA:4,1
DA:5,1
DA:6,1
DA:7,1
DA:8,1
DA:9,1
DA:10,1
DA:11,1
DA:12,1
DA:13,1
DA:14,1
DA:15,1
DA:16,1
DA:17,1
DA:18,1
DA:19,1
DA:20,1
DA:21,1
DA:22,1
DA:23,1
DA:24,1
DA:25,1
DA:26,1
DA:27,1
DA:28,1
DA:29,1
DA:30,1
DA:31,1
DA:32,1
DA:33,1
DA:34,1
DA:35,1
DA:36,1
DA:37,1
DA:38,1
DA:39,1
DA:40,1
DA:41,1
DA:42,1
DA:43,1
DA:44,1
DA:45,1
DA:46,1
DA:47,1
DA:48,1
DA:49,1
DA:50,1
DA:51,1
DA:52,1
DA:53,1
DA:54,1
DA:55,1
DA:56,1
DA:57,1
DA:58,1
DA:59,1
DA:60,1
LF:60
LH:60
BRF:0
BRH:0
end_of_record
TN:
SF:src/utils/error-handling.ts
FN:20,createAppError
FN:34,isAppError
FN:45,handleAsyncOperation
FN:68,handleSyncOperation
FN:91,formatErrorForUser
FN:107,reportError
FN:122,retryWithBackoff
FNF:7
FNH:2
FNDA:2,createAppError
FNDA:0,isAppError
FNDA:0,handleAsyncOperation
FNDA:110,handleSyncOperation
FNDA:0,formatErrorForUser
FNDA:0,reportError
FNDA:0,retryWithBackoff
DA:1,1
DA:2,1
DA:3,1
DA:4,1
DA:5,1
DA:6,1
DA:7,1
DA:8,1
DA:9,1
DA:10,1
DA:11,1
DA:12,1
DA:13,1
DA:14,1
DA:15,1
DA:16,1
DA:17,1
DA:18,1
DA:19,1
DA:20,1
DA:21,2
DA:22,2
DA:23,2
DA:24,2
DA:25,2
DA:26,2
DA:27,2
DA:28,2
DA:29,2
DA:30,2
DA:31,2
DA:32,1
DA:33,1
DA:34,1
DA:35,0
DA:36,0
DA:37,0
DA:38,0
DA:39,0
DA:40,0
DA:41,0
DA:42,0
DA:43,1
DA:44,1
DA:45,1
DA:46,0
DA:47,0
DA:48,0
DA:49,0
DA:50,0
DA:51,0
DA:52,0
DA:53,0
DA:54,0
DA:55,0
DA:56,0
DA:57,0
DA:58,0
DA:59,0
DA:60,0
DA:61,0
DA:62,0
DA:63,0
DA:64,0
DA:65,0
DA:66,1
DA:67,1
DA:68,1
DA:69,110
DA:70,110
DA:71,110
DA:72,110
DA:73,110
DA:74,110
DA:75,110
DA:76,110
DA:77,2
DA:78,2
DA:79,2
DA:80,2
DA:81,2
DA:82,2
DA:83,2
DA:84,2
DA:85,2
DA:86,2
DA:87,2
DA:88,110
DA:89,1
DA:90,1
DA:91,1
DA:92,0
DA:93,0
DA:94,0
DA:95,0
DA:96,0
DA:97,0
DA:98,0
DA:99,0
DA:100,0
DA:101,0
DA:102,0
DA:103,0
DA:104,0
DA:105,1
DA:106,1
DA:107,1
DA:108,0
DA:109,0
DA:110,0
DA:111,0
DA:112,0
DA:113,0
DA:114,0
DA:115,0
DA:116,0
DA:117,0
DA:118,0
DA:119,0
DA:120,1
DA:121,1
DA:122,1
DA:123,0
DA:124,0
DA:125,0
DA:126,0
DA:127,0
DA:128,0
DA:129,0
DA:130,0
DA:131,0
DA:132,0
DA:133,0
DA:134,0
DA:135,0
DA:136,0
DA:137,0
DA:138,0
DA:139,0
DA:140,0
DA:141,0
DA:142,0
DA:143,0
DA:144,0
DA:145,0
DA:146,0
DA:147,0
DA:148,0
LF:148
LH:69
BRDA:20,0,0,2
BRDA:68,1,0,110
BRDA:76,2,0,2
BRDA:81,3,0,0
BRDA:82,4,0,0
BRDA:83,5,0,0
BRF:6
BRH:3
end_of_record
TN:
SF:src/utils/formatters.ts
FN:1,formatShortDate
FNF:1
FNH:1
FNDA:5,formatShortDate
DA:1,1
DA:2,5
DA:3,5
DA:4,5
LF:4
LH:4
BRDA:1,0,0,5
BRDA:2,1,0,4
BRDA:2,2,0,1
BRF:3
BRH:3
end_of_record
TN:
SF:src/utils/generators.ts
FN:1,generateId
FNF:1
FNH:1
FNDA:3,generateId
DA:1,1
DA:2,3
DA:3,3
LF:3
LH:3
BRDA:1,0,0,3
BRF:1
BRH:1
end_of_record
TN:
SF:src/utils/index.ts
FNF:0
FNH:0
DA:1,1
DA:2,1
DA:3,1
DA:4,1
DA:5,1
DA:6,1
DA:7,1
LF:7
LH:7
BRF:0
BRH:0
end_of_record
TN:
SF:src/utils/search.ts
FN:1,escapeRegExp
FN:4,normalizeSearchTerm
FN:9,<instance_members_initializer>
FN:14,get
FN:27,set
FN:46,clear
FN:51,size
FN:58,createSearchRegex
FN:80,<instance_members_initializer>
FN:85,createKey
FN:89,get
FN:103,set
FN:124,clear
FN:129,size
FN:137,generateDataHash
FN:142,clearSearchCaches
FN:147,getSearchCacheStats
FNF:17
FNH:11
FNDA:45,escapeRegExp
FNDA:154,normalizeSearchTerm
FNDA:13,<instance_members_initializer>
FNDA:85,get
FNDA:46,set
FNDA:0,clear
FNDA:12,size
FNDA:85,createSearchRegex
FNDA:13,<instance_members_initializer>
FNDA:0,createKey
FNDA:0,get
FNDA:0,set
FNDA:0,clear
FNDA:12,size
FNDA:8,generateDataHash
FNDA:0,clearSearchCaches
FNDA:12,getSearchCacheStats
DA:1,1
DA:2,45
DA:3,1
DA:4,1
DA:5,154
DA:6,154
DA:7,1
DA:8,1
DA:9,13
DA:10,13
DA:11,13
DA:12,13
DA:13,13
DA:14,13
DA:15,85
DA:16,39
DA:17,39
DA:18,39
DA:19,39
DA:20,39
DA:21,39
DA:22,39
DA:23,39
DA:24,46
DA:25,85
DA:26,13
DA:27,13
DA:28,46
DA:29,46
DA:30,0
DA:31,0
DA:32,0
DA:33,0
DA:34,0
DA:35,46
DA:36,46
DA:37,46
DA:38,46
DA:39,46
DA:40,46
DA:41,0
DA:42,0
DA:43,46
DA:44,46
DA:45,13
DA:46,13
DA:47,0
DA:48,0
DA:49,0
DA:50,13
DA:51,13
DA:52,12
DA:53,12
DA:54,13
DA:55,1
DA:56,1
DA:57,1
DA:58,1
DA:59,85
DA:60,85
DA:61,85
DA:62,39
DA:63,39
DA:64,46
DA:65,46
DA:66,85
DA:67,3
DA:68,3
DA:69,3
DA:70,43
DA:71,43
DA:72,43
DA:73,43
DA:74,43
DA:75,43
DA:76,43
DA:77,43
DA:78,1
DA:79,1
DA:80,13
DA:81,13
DA:82,13
DA:83,13
DA:84,13
DA:85,13
DA:86,0
DA:87,0
DA:88,13
DA:89,13
DA:90,0
DA:91,0
DA:92,0
DA:93,0
DA:94,0
DA:95,0
DA:96,0
DA:97,0
DA:98,0
DA:99,0
DA:100,0
DA:101,0
DA:102,13
DA:103,13
DA:104,0
DA:105,0
DA:106,0
DA:107,0
DA:108,0
DA:109,0
DA:110,0
DA:111,0
DA:112,0
DA:113,0
DA:114,0
DA:115,0
DA:116,0
DA:117,0
DA:118,0
DA:119,0
DA:120,0
DA:121,0
DA:122,0
DA:123,13
DA:124,13
DA:125,0
DA:126,0
DA:127,0
DA:128,13
DA:129,13
DA:130,12
DA:131,12
DA:132,13
DA:133,1
DA:134,1
DA:135,1
DA:136,1
DA:137,1
DA:138,8
DA:139,8
DA:140,1
DA:141,1
DA:142,1
DA:143,0
DA:144,0
DA:145,0
DA:146,1
DA:147,1
DA:148,12
DA:149,12
DA:150,12
DA:151,1
DA:152,1
DA:153,1
LF:153
LH:104
BRDA:1,0,0,45
BRDA:4,1,0,154
BRDA:9,2,0,13
BRDA:14,3,0,85
BRDA:15,4,0,39
BRDA:23,5,0,46
BRDA:27,6,0,46
BRDA:29,7,0,0
BRDA:29,8,0,0
BRDA:40,9,0,0
BRDA:51,10,0,12
BRDA:58,11,0,85
BRDA:61,12,0,39
BRDA:63,13,0,46
BRDA:66,14,0,82
BRDA:66,15,0,3
BRDA:69,16,0,43
BRDA:80,17,0,13
BRDA:129,18,0,12
BRDA:137,19,0,8
BRDA:138,20,0,1
BRDA:138,21,0,7
BRDA:138,22,0,1
BRDA:138,23,0,7
BRDA:147,24,0,12
BRF:25
BRH:22
end_of_record
TN:
SF:src/utils/validation.ts
FN:11,createValidationError
FN:22,validateField
FN:90,validateTags
FN:144,validatePhraseForm
FN:174,sanitizeInput
FN:186,isValidTextLength
FN:192,getCharacterCount
FN:196,getRemainingCharacters
FNF:8
FNH:6
FNDA:13,createValidationError
FNDA:129,validateField
FNDA:43,validateTags
FNDA:43,validatePhraseForm
FNDA:831,sanitizeInput
FNDA:0,isValidTextLength
FNDA:691,getCharacterCount
FNDA:0,getRemainingCharacters
DA:1,1
DA:2,1
DA:3,1
DA:4,1
DA:5,1
DA:6,1
DA:7,1
DA:8,1
DA:9,1
DA:10,1
DA:11,1
DA:12,13
DA:13,13
DA:14,13
DA:15,13
DA:16,13
DA:17,13
DA:18,13
DA:19,13
DA:20,1
DA:21,1
DA:22,1
DA:23,129
DA:24,129
DA:25,129
DA:26,129
DA:27,129
DA:28,129
DA:29,129
DA:30,129
DA:31,129
DA:32,4
DA:33,4
DA:34,4
DA:35,4
DA:36,4
DA:37,125
DA:38,125
DA:39,129
DA:40,68
DA:41,68
DA:42,57
DA:43,57
DA:44,129
DA:45,5
DA:46,5
DA:47,5
DA:48,5
DA:49,5
DA:50,5
DA:51,5
DA:52,5
DA:53,57
DA:54,129
DA:55,2
DA:56,2
DA:57,2
DA:58,2
DA:59,2
DA:60,2
DA:61,2
DA:62,2
DA:63,57
DA:64,57
DA:65,129
DA:66,0
DA:67,0
DA:68,0
DA:69,0
DA:70,0
DA:71,0
DA:72,0
DA:73,0
DA:74,57
DA:75,57
DA:76,129
DA:77,0
DA:78,0
DA:79,0
DA:80,0
DA:81,0
DA:82,0
DA:83,0
DA:84,0
DA:85,57
DA:86,57
DA:87,57
DA:88,1
DA:89,1
DA:90,1
DA:91,43
DA:92,43
DA:93,43
DA:94,15
DA:95,15
DA:96,28
DA:97,28
DA:98,28
DA:99,28
DA:100,28
DA:101,28
DA:102,28
DA:103,28
DA:104,41
DA:105,1
DA:106,1
DA:107,1
DA:108,1
DA:109,1
DA:110,1
DA:111,1
DA:112,1
DA:113,28
DA:114,28
DA:115,28
DA:116,41
DA:117,54
DA:118,1
DA:119,1
DA:120,1
DA:121,1
DA:122,1
DA:123,1
DA:124,1
DA:125,1
DA:126,1
DA:127,53
DA:128,53
DA:129,54
DA:130,0
DA:131,0
DA:132,0
DA:133,0
DA:134,0
DA:135,0
DA:136,0
DA:137,0
DA:138,0
DA:139,54
DA:140,28
DA:141,28
DA:142,28
DA:143,1
DA:144,1
DA:145,43
DA:146,43
DA:147,43
DA:148,43
DA:149,43
DA:150,43
DA:151,43
DA:152,43
DA:153,43
DA:154,43
DA:155,43
DA:156,43
DA:157,43
DA:158,43
DA:159,43
DA:160,43
DA:161,43
DA:162,43
DA:163,43
DA:164,43
DA:165,43
DA:166,43
DA:167,43
DA:168,43
DA:169,43
DA:170,43
DA:171,43
DA:172,1
DA:173,1
DA:174,1
DA:175,831
DA:176,0
DA:177,0
DA:178,831
DA:179,831
DA:180,831
DA:181,831
DA:182,831
DA:183,831
DA:184,1
DA:185,1
DA:186,1
DA:187,0
DA:188,0
DA:189,0
DA:190,0
DA:191,1
DA:192,1
DA:193,691
DA:194,691
DA:195,1
DA:196,1
DA:197,0
DA:198,0
DA:199,0
DA:200,0
DA:201,0
LF:201
LH:165
BRDA:11,0,0,13
BRDA:22,1,0,129
BRDA:31,2,0,43
BRDA:31,3,0,4
BRDA:36,4,0,125
BRDA:39,5,0,86
BRDA:39,6,0,68
BRDA:41,7,0,57
BRDA:44,8,0,5
BRDA:52,9,0,57
BRDA:54,10,0,2
BRDA:62,11,0,57
BRDA:65,12,0,0
BRDA:65,13,0,0
BRDA:73,14,0,57
BRDA:76,15,0,0
BRDA:84,16,0,57
BRDA:90,17,0,43
BRDA:93,18,0,15
BRDA:95,19,0,41
BRDA:95,20,0,28
BRDA:104,21,0,1
BRDA:112,22,0,28
BRDA:116,23,0,54
BRDA:117,24,0,1
BRDA:126,25,0,53
BRDA:129,26,0,0
BRDA:139,27,0,28
BRDA:99,28,0,56
BRDA:144,29,0,43
BRDA:174,30,0,831
BRDA:175,31,0,0
BRDA:192,32,0,691
BRF:33
BRH:28
end_of_record
TN:
SF:src/utils/validators.ts
FN:5,required
FN:18,minLength
FN:27,maxLength
FN:36,pattern
FN:45,compose
FNF:5
FNH:5
FNDA:9,required
FNDA:4,minLength
FNDA:2,maxLength
FNDA:1,pattern
FNDA:2,compose
DA:1,1
DA:2,1
DA:3,1
DA:4,1
DA:5,1
DA:6,9
DA:7,14
DA:8,14
DA:9,13
DA:10,12
DA:11,14
DA:12,9
DA:13,9
DA:14,5
DA:15,14
DA:16,1
DA:17,1
DA:18,1
DA:19,4
DA:20,7
DA:21,3
DA:22,3
DA:23,4
DA:24,7
DA:25,1
DA:26,1
DA:27,1
DA:28,2
DA:29,4
DA:30,2
DA:31,2
DA:32,2
DA:33,4
DA:34,1
DA:35,1
DA:36,1
DA:37,1
DA:38,3
DA:39,2
DA:40,2
DA:41,1
DA:42,3
DA:43,1
DA:44,1
DA:45,1
DA:46,2
DA:47,5
DA:48,10
DA:49,10
DA:50,10
DA:51,1
DA:52,5
DA:53,1
LF:53
LH:53
BRDA:5,0,0,9
BRDA:6,1,0,14
BRDA:8,2,0,13
BRDA:9,3,0,12
BRDA:11,4,0,9
BRDA:13,5,0,5
BRDA:18,6,0,4
BRDA:19,7,0,7
BRDA:20,8,0,3
BRDA:21,9,0,1
BRDA:22,10,0,4
BRDA:27,11,0,2
BRDA:28,12,0,4
BRDA:29,13,0,2
BRDA:30,14,0,1
BRDA:36,15,0,1
BRDA:37,16,0,3
BRDA:38,17,0,2
BRDA:39,18,0,0
BRDA:40,19,0,1
BRDA:45,20,0,2
BRDA:46,21,0,5
BRDA:47,22,0,10
BRDA:49,23,0,4
BRDA:50,24,0,1
BRF:25
BRH:24
end_of_record
